entrance.b15 - entrance.b14 - entrance.b13 - entrance.b12 - entrance.b11 - entrance.b10 - entrance.b9 - entrance.b8 - entrance.b5 - entrance.b4 - entrance.b3 - entrance.b2 - entrance.a14 - entrance.a13 - entrance.a12 - entrance.a11 - entrance.a10 - entrance.a9 - entrance.a8 - entrance.a7 - entrance.a6 - entrance.a5 - entrance.a4_x_ - entrance.a3 - entrance.a2
Original length 187.80m ( 24 legs), moved   0.00m ( 0.00m/leg). Error   0.00%
0.000000
H: 0.000000 V: 0.000000

gsp.qf11 - gsp.qf10 - gsp.qf9 - gsp.qf8 - gsp.qf6 - gsp.qf5 - gsp.qf4 - gsp.qf3 - gsp.qf2 - gsp.qf1 - gsp.qe30 - gsp.qe29 - gsp.qe28 - gsp.qe27 - gsp.qe26 - gsp.qe25 - gsp.qe24 - gsp.qe23 - gsp.qe22 - gsp.qe21 - gsp.qe20 - gsp.qe19 - gsp.qe18 - gsp.qe17 - gsp.qe16 - gsp.qe15 - gsp.qe14 - gsp.qe13 - gsp.qe12 - gsp.qe11 - gsp.qe10 - gsp.qe9 - gsp.qe8 - gsp.qe7 - gsp.qe6 - gsp.qe5 - gsp.qe4 - gsp.qe3 - gsp.qe2 - gsp.qe1 - gsp.b15 = entrance.b15
Original length 285.64m ( 40 legs), moved   4.79m ( 0.12m/leg). Error   1.68%
6.411873
H: 1.443570 V: 13.639611

gsp.stream1.1 - gsp.stream1.0 - gsp.qf11
Original length  13.10m (  2 legs), moved   1.77m ( 0.88m/leg). Error  13.49%
11.483054
H: 10.223081 V: 13.641855

gsp.stream1.1 - gsp.qf12 - gsp.qf11
Original length   6.15m (  2 legs), moved   1.88m ( 0.94m/leg). Error  30.60%
16.335523
H: 14.280293 V: 19.648778

shaft.e17 - shaft.e16 - shaft.e15 - shaft.e14 - shaft.e13 - shaft.e12 - shaft.e11 - shaft.e10 - shaft.e9 - shaft.e8 - shaft.e7 - shaft.e6 - shaft.e5 - shaft.e4 - shaft.e3 - shaft.e2 - shaft.e1 - shaft.d33 = entrance.d33 - entrance.d32 - entrance.d31 - entrance.d30 - entrance.d29 - entrance.d28 - entrance.d27 - entrance.d26 - entrance.d25 - entrance.d24 - entrance.d23 - entrance.d22 - entrance.d21 - entrance.d20 - entrance.d19 - entrance.d18 - entrance.d17 - entrance.d16 - entrance.d15 - entrance.d14 - entrance.d13 - entrance.d12 - entrance.d11 - entrance.d10 - entrance.d9 - entrance.d8 - entrance.d7 - entrance.d6 - entrance.d5 - entrance.d4 - entrance.d3 - entrance.d2 - entrance.d1 - entrance.c16 - entrance.c15 - entrance.c14 - entrance.c13 - entrance.c12 - entrance.c11 - entrance.c10 - entrance.c9 - entrance.c8 - entrance.c7 - entrance.c6 - entrance.c5 - entrance.c4 - entrance.c3 - entrance.c2 - entrance.c1 - entrance.b31 - entrance.b30 - entrance.b29 - entrance.b28 - entrance.b27 - entrance.b26 - entrance.b25 - entrance.b24 - entrance.b23 - entrance.b22 - entrance.b21 - entrance.b20 - entrance.b19 - entrance.b18 - entrance.b17 - 
Original length 528.60m ( 81 legs), moved   8.87m ( 0.11m/leg). Error   1.68%
8.183903
H: 2.457406 V: 18.418547

shaft.e17 - gsp.spacetrout.2 - gsp.spacetrout.1 - gsp.spacetrout.0 = gsp.stream2.0 - gsp.stream2.1 - gsp.stream2.2 - gsp.stream2.3 - gsp.stream2.4 - gsp.stream2.5 - gsp.stream2.6 - gsp.stream2.7 - gsp.stream2.8 - gsp.stream2.9 - gsp.stream2.10 = gsp.stream1.18 - gsp.stream1.17 - gsp.stream1.16 - gsp.stream1.15 - gsp.stream1.14 - gsp.stream1.13 - gsp.stream1.12 - gsp.stream1.11 - gsp.stream1.10 - gsp.stream1.9 - gsp.stream1.8 - gsp.stream1.7 - gsp.stream1.6 - gsp.stream1.5 - gsp.stream1.4 - gsp.stream1.3 - gsp.stream1.2 - gsp.stream1.1
Original length 230.23m ( 30 legs), moved   3.45m ( 0.12m/leg). Error   1.50%
3.914719
H: 0.761931 V: 11.596742

justawesome.i10 - justawesome.i9 - justawesome.i8 - justawesome.i7 - justawesome.i6 - justawesome.i5 - justawesome.i4 - justawesome.i3 - justawesome.i2 - justawesome.h14 - justawesome.h13 - justawesome.h12 - justawesome.h11 - justawesome.h10 - justawesome.h9 - justawesome.h8 - justawesome.h7 - justawesome.h6 - justawesome.h5 - justawesome.h4 - justawesome.h3 - justawesome.h2 - justawesome.h1 - justawesome.f16 = shaft.f16 - shaft.f15 - shaft.f14 - shaft.f13 - shaft.f12 - shaft.f11 - shaft.f10 - shaft.f9 - shaft.f8 - shaft.f7 - shaft.f6 - shaft.f5 - shaft.f4 - shaft.f2 - shaft.f1 - shaft.e17
Original length 352.40m ( 38 legs), moved   0.00m ( 0.00m/leg). Error   0.00%
0.000000
H: 0.000000 V: 0.000000

justawesome.i10 - justawesome.i11 - justawesome.i12 - justawesome.i13
Original length  59.10m (  3 legs), moved   0.00m ( 0.00m/leg). Error   0.00%
0.000000
H: 0.000000 V: 0.000000

streamway.qb34 - streamway.qb33 - streamway.qb32 - streamway.qb31 - streamway.qb30 - streamway.qb29 - streamway.qb28 - streamway.qb27 - streamway.qb26 - streamway.qb25 - streamway.qb24 - streamway.qb23 - streamway.qb22 - streamway.qb21 - streamway.qb20 - streamway.qb19 - streamway.qb18 - streamway.qb17 - streamway.qb16 - streamway.qb15 - streamway.qb14 - streamway.qb13 - streamway.qb12 - streamway.qb11 - streamway.qb10 - streamway.qb9 - streamway.qb8 - streamway.qb7 - streamway.qb6 - streamway.qb5 - streamway.qb4 - streamway.qb3 - streamway.m40 - streamway.m39 - streamway.m38 - streamway.m37 - streamway.m36 - streamway.m35 - streamway.m34 - streamway.m33 - streamway.m32 - streamway.m31 - streamway.m30 - streamway.m29 - streamway.m28 - streamway.m27 - streamway.m26 - streamway.m25 - streamway.m24 - streamway.m23 - streamway.m22 - streamway.m21 - streamway.m20 - streamway.m19 - streamway.m18 - streamway.m17 - streamway.m16 - streamway.m15 - streamway.m14 - streamway.m13 - streamway.m12 - streamway.m11 - streamway.m10 - streamway.m9 - streamway.m8 - streamway.m7 - streamway.m6 - streamway.qa1 - streamway.qa2 - streamway.qa3 - streamway.qa4 - streamway.qa5 - streamway.qa6 - streamway.qa7 - streamway.qa8 - streamway.qa9 - streamway.qa10 - streamway.qa11 - streamway.qa12 - streamway.qa13 - streamway.qa14 - streamway.qa15 - streamway.qa16 - streamway.qa17 - streamway.qa18 - streamway.qa19 - streamway.qa20 - streamway.qa21 - streamway.qa22 - streamway.qa23 - streamway.qa24 - streamway.qa25 - streamway.j38 - streamway.j37 - streamway.j36 - streamway.j35 - streamway.j34 - streamway.j33 - streamway.j32 - streamway.j31 - streamway.j30 - streamway.j29 - streamway.j28 - streamway.j27 - streamway.j26 - streamway.j25 - streamway.j24 - streamway.j23 - streamway.j22 - streamway.j21 - streamway.j20 - streamway.j19 - streamway.j18 - streamway.j17 - streamway.j16 - streamway.j15 - streamway.j14 - streamway.j13 - streamway.j12 - streamway.j11 - streamway.j10 - streamway.j9 - streamway.j8 - streamway.j7 - streamway.j6 - streamway.j1 - streamway.i13 = justawesome.i13
Original length1513.30m (126 legs), moved  11.16m ( 0.09m/leg). Error   0.74%
5.417703
H: 7.062568 V: 1.873767

lug.qg7 - lug.qg6 - lug.qg5 - lug.qg4 - lug.qg3 - lug.qg2 - lug.qg1 - lug.i13 = justawesome.i13
Original length 100.70m (  7 legs), moved   0.74m ( 0.11m/leg). Error   0.74%
1.502117
H: 1.837920 V: 0.249187

lug.qg20 - lug.qg41 - lug.qg42 - lug.qg43 - lug.qg44 - lug.qg45 - lug.qg46 - lug.qg47 - lug.qg48 - lug.qg49 - lug.qg50 - lug.qg51 - lug.qg52 - lug.qg53 - lug.qg54 - lug.qg55 - lug.qg56 - lug.qg57 - lug.qg58 - lug.qg7
Original length 491.40m ( 19 legs), moved   7.58m ( 0.40m/leg). Error   1.54%
5.297198
H: 7.222054 V: 0.562458

lug.qg20 - lug.qg21 - lug.qg22 - lug.qg23 - lug.qg24 - lug.qg25 - lug.qg26 - lug.qg27 - lug.qg28 - lug.qg29 - lug.qg30 - lug.qg31 - lug.qg32 - lug.qg33 - lug.qg34 - lug.qg35 - lug.qg36 - lug.qg37 - lug.qg38 - lug.qg39 - lug.qg40 - lug.qn17 - lug.qn16 - lug.qn15 - lug.qn14 - lug.qn13 - lug.qn12 - lug.qn11 - lug.qn10 - lug.qn9 - lug.qn8 - lug.qn7 - lug.qn6 - lug.qn5 - lug.qn4 - lug.qn3 - lug.qn2 - lug.qn1 - lug.qn0 = streamway.qb34
Original length 646.80m ( 38 legs), moved   4.02m ( 0.11m/leg). Error   0.62%
2.660382
H: 3.560303 V: 0.172557

lug.qg20 - lug.qg19 - lug.qg18 - lug.qg17 - lug.qg16 - lug.qg15 - lug.qg14 - lug.qg13 - lug.qg12 - lug.qg11 - lug.qg10 - lug.qg9 - lug.qg8 - lug.qg7
Original length 353.50m ( 13 legs), moved   3.78m ( 0.29m/leg). Error   1.07%
3.082770
H: 4.101051 V: 0.917094

pp.qc7 - pp.qk2 - pp.qk3 - pp.qk4 - pp.qk5 - pp.qk6 - pp.qk7 - pp.qk8 - pp.qk9 - pp.qk10 - pp.qk11 - pp.qk12 - pp.qk13 - pp.qk14 - pp.qk15 - pp.qk16 - pp.qk17 - pp.qk18 - pp.qk19 - pp.qk20 = hack.start - hack.temp - hack.end = pimpernell.qd10 - pimpernell.qd9 = pp.qd9 - pp.qlink1 - pp.qh28 - pp.qh27 - pp.qh26 - pp.qh25 - pp.qh24 - pp.qh23 - pp.qh22 - pp.qh21 - pp.qh20 - pp.qh19 - pp.qh18 - pp.qh17 - pp.qh16 - pp.qh15 - pp.qh14 - pp.qh13 - pp.qh11 - pp.qh10 - pp.qh8 - pp.qh7 - pp.qh6 - pp.qh5 - pp.qh4 - pp.qh3 - pp.qh2 - pp.qh1 - pp.qi9 - pp.qi8 - pp.qi7 - pp.qi6 - pp.qi5 - pp.qi4 - pp.qi3 - pp.qi2 - pp.qi1 - pp.qc7
Original length 563.66m ( 59 legs), moved 109.30m ( 1.85m/leg). Error  19.39%
0.618389
H: 0.609429 V: 26.620061

justawesome.i14 - justawesome.i15 - justawesome.i16 - justawesome.i17 - justawesome.i18 - justawesome.i19 - justawesome.i10
Original length 111.90m (  6 legs), moved   2.01m ( 0.33m/leg). Error   1.79%
3.242995
H: 1.104365 V: 4.588591

justawesome.i14 - justawesome.i13a - justawesome.i10
Original length  36.20m (  2 legs), moved   0.61m ( 0.30m/leg). Error   1.68%
1.836723
H: 0.941303 V: 2.505133

upstream.h14 - upstream.h13 - upstream.h8 - upstream.h7 - upstream.h6 - upstream.h5 - upstream.h4 - upstream.h3 - upstream.h2 - upstream.h15 - upstream.h14
Original length  61.18m ( 10 legs), moved   3.03m ( 0.30m/leg). Error   4.95%
8.211159
H: 5.683084 V: 10.834918

