julagua.texa.texa_2008_07.125 - julagua.texa.texa_2008_07.124
Original length   3.86m (  1 legs), moved   0.00m ( 0.00m/leg). Error   0.00%
0.000000
H: 0.000000 V: 0.000000

julagua.texa.texa_2008_07.125 - julagua.texa.texa_2008_07.124
Original length   3.86m (  1 legs), moved   0.00m ( 0.00m/leg). Error   0.00%
0.000000
H: 0.000000 V: 0.000000

julagua.texa.texa_2008_07.124 - julagua.texa.texa_2008_07.123
Original length  10.93m (  1 legs), moved   0.00m ( 0.00m/leg). Error   0.00%
0.000000
H: 0.000000 V: 0.000000

julagua.texa.texa_2008_07.124 - julagua.texa.texa_2008_07.123
Original length  10.93m (  1 legs), moved   0.00m ( 0.00m/leg). Error   0.00%
0.000000
H: 0.000000 V: 0.000000

julagua.texa.texa_2008_07.123 - julagua.texa.texa_2008_07.122
Original length   5.25m (  1 legs), moved   0.00m ( 0.00m/leg). Error   0.00%
0.000000
H: 0.000000 V: 0.000000

julagua.texa.texa_2008_07.123 - julagua.texa.texa_2008_07.122
Original length   5.25m (  1 legs), moved   0.00m ( 0.00m/leg). Error   0.00%
0.000000
H: 0.000000 V: 0.000000

julagua.texa.texa_2008_07.122 - julagua.texa.texa_2008_07.121
Original length   9.66m (  1 legs), moved   0.00m ( 0.00m/leg). Error   0.00%
0.000000
H: 0.000000 V: 0.000000

julagua.texa.texa_2008_07.122 - julagua.texa.texa_2008_07.121
Original length   9.66m (  1 legs), moved   0.00m ( 0.00m/leg). Error   0.00%
0.000000
H: 0.000000 V: 0.000000

julagua.texa.texa_2008_07.121 - julagua.texa.texa_2008_07.120
Original length  17.93m (  1 legs), moved   0.00m ( 0.00m/leg). Error   0.00%
0.000000
H: 0.000000 V: 0.000000

julagua.texa.texa_2008_07.121 - julagua.texa.texa_2008_07.120
Original length  17.93m (  1 legs), moved   0.00m ( 0.00m/leg). Error   0.00%
0.000000
H: 0.000000 V: 0.000000

julagua.texa.texa_2008_07.120 - julagua.texa.texa_2008_07.119
Original length  10.14m (  1 legs), moved   0.00m ( 0.00m/leg). Error   0.00%
0.000000
H: 0.000000 V: 0.000000

julagua.texa.texa_2008_07.120 - julagua.texa.texa_2008_07.119
Original length  10.14m (  1 legs), moved   0.00m ( 0.00m/leg). Error   0.00%
0.000000
H: 0.000000 V: 0.000000

julagua.texa.texa_2008_07.119 - julagua.texa.texa_2008_07.118
Original length   7.75m (  1 legs), moved   0.00m ( 0.00m/leg). Error   0.00%
0.000000
H: 0.000000 V: 0.000000

julagua.texa.texa_2008_07.119 - julagua.texa.texa_2008_07.118
Original length   7.75m (  1 legs), moved   0.00m ( 0.00m/leg). Error   0.00%
0.000000
H: 0.000000 V: 0.000000

julagua.texa.texa_2008_07.117 - julagua.texa.texa_2008_07.118
Original length   8.92m (  1 legs), moved   0.00m ( 0.00m/leg). Error   0.00%
0.000000
H: 0.000000 V: 0.000000

julagua.texa.texa_2008_07.117 - julagua.texa.texa_2008_07.118
Original length   8.92m (  1 legs), moved   0.00m ( 0.00m/leg). Error   0.00%
0.000000
H: 0.000000 V: 0.000000

julagua.texa.texa_2008_07.116 - julagua.texa.texa_2008_07.117
Original length   2.60m (  1 legs), moved   0.00m ( 0.00m/leg). Error   0.00%
0.000000
H: 0.000000 V: 0.000000

julagua.texa.texa_2008_07.116 - julagua.texa.texa_2008_07.115
Original length   3.68m (  1 legs), moved   0.00m ( 0.00m/leg). Error   0.00%
0.000000
H: 0.000000 V: 0.000000

julagua.texa.texa_2008_07.116 - julagua.texa.texa_2008_07.115
Original length   3.68m (  1 legs), moved   0.00m ( 0.00m/leg). Error   0.00%
0.000000
H: 0.000000 V: 0.000000

julagua.texa.texa_2008_07.116 - julagua.texa.texa_2008_07.117
Original length   2.60m (  1 legs), moved   0.00m ( 0.00m/leg). Error   0.00%
0.000000
H: 0.000000 V: 0.000000

julagua.texa.texa_2008_07.115 - julagua.texa.texa_2008_07.114
Original length   4.57m (  1 legs), moved   0.00m ( 0.00m/leg). Error   0.00%
0.000000
H: 0.000000 V: 0.000000

julagua.texa.texa_2008_07.115 - julagua.texa.texa_2008_07.114
Original length   4.57m (  1 legs), moved   0.00m ( 0.00m/leg). Error   0.00%
0.000000
H: 0.000000 V: 0.000000

julagua.texa.texa_2008_07.114 - julagua.texa.texa_2008_07.113
Original length   6.80m (  1 legs), moved   0.00m ( 0.00m/leg). Error   0.00%
0.000000
H: 0.000000 V: 0.000000

julagua.texa.texa_2008_07.114 - julagua.texa.texa_2008_07.113
Original length   6.80m (  1 legs), moved   0.00m ( 0.00m/leg). Error   0.00%
0.000000
H: 0.000000 V: 0.000000

julagua.texa.texa_2008_07.113 - julagua.texa.texa_2008_07.112
Original length   4.95m (  1 legs), moved   0.00m ( 0.00m/leg). Error   0.00%
0.000000
H: 0.000000 V: 0.000000

julagua.texa.texa_2008_07.113 - julagua.texa.texa_2008_07.112
Original length   4.95m (  1 legs), moved   0.00m ( 0.00m/leg). Error   0.00%
0.000000
H: 0.000000 V: 0.000000

julagua.texa.texa_2008_07.112 - julagua.texa.texa_2008_07.111
Original length  11.26m (  1 legs), moved   0.00m ( 0.00m/leg). Error   0.00%
0.000000
H: 0.000000 V: 0.000000

julagua.texa.texa_2008_07.112 - julagua.texa.texa_2008_07.111
Original length  11.26m (  1 legs), moved   0.00m ( 0.00m/leg). Error   0.00%
0.000000
H: 0.000000 V: 0.000000

julagua.texa.texa_2008_07.111 - julagua.texa.texa_2008_07.110
Original length   3.68m (  1 legs), moved   0.00m ( 0.00m/leg). Error   0.00%
0.000000
H: 0.000000 V: 0.000000

julagua.texa.texa_2008_07.111 - julagua.texa.texa_2008_07.110
Original length   3.68m (  1 legs), moved   0.00m ( 0.00m/leg). Error   0.00%
0.000000
H: 0.000000 V: 0.000000

julagua.texa.texa_2008_07.110 - julagua.texa.texa_2008_07.109
Original length   2.82m (  1 legs), moved   0.00m ( 0.00m/leg). Error   0.00%
0.000000
H: 0.000000 V: 0.000000

julagua.texa.texa_2008_07.110 - julagua.texa.texa_2008_07.109
Original length   2.82m (  1 legs), moved   0.00m ( 0.00m/leg). Error   0.00%
0.000000
H: 0.000000 V: 0.000000

julagua.texa.texa_2008_07.109 - julagua.texa.texa_2008_07.108
Original length   2.52m (  1 legs), moved   0.00m ( 0.00m/leg). Error   0.00%
0.000000
H: 0.000000 V: 0.000000

julagua.texa.texa_2008_07.109 - julagua.texa.texa_2008_07.108
Original length   2.52m (  1 legs), moved   0.00m ( 0.00m/leg). Error   0.00%
0.000000
H: 0.000000 V: 0.000000

julagua.texa.texa_2008_07.108 - julagua.texa.texa_2008_07.107
Original length  11.90m (  1 legs), moved   0.00m ( 0.00m/leg). Error   0.00%
0.000000
H: 0.000000 V: 0.000000

julagua.texa.texa_2008_07.108 - julagua.texa.texa_2008_07.107
Original length  11.90m (  1 legs), moved   0.00m ( 0.00m/leg). Error   0.00%
0.000000
H: 0.000000 V: 0.000000

julagua.texa.texa_2008_07.107 - julagua.texa.texa_2008_07.106
Original length  12.19m (  1 legs), moved   0.00m ( 0.00m/leg). Error   0.00%
0.000000
H: 0.000000 V: 0.000000

julagua.texa.texa_2008_07.107 - julagua.texa.texa_2008_07.106
Original length  12.19m (  1 legs), moved   0.00m ( 0.00m/leg). Error   0.00%
0.000000
H: 0.000000 V: 0.000000

julagua.texa.texa_2008_07.106 - julagua.texa.texa_2008_07.105
Original length   7.96m (  1 legs), moved   0.00m ( 0.00m/leg). Error   0.00%
0.000000
H: 0.000000 V: 0.000000

julagua.texa.texa_2008_07.106 - julagua.texa.texa_2008_07.105
Original length   7.96m (  1 legs), moved   0.00m ( 0.00m/leg). Error   0.00%
0.000000
H: 0.000000 V: 0.000000

julagua.texa.texa_2008_07.105 - julagua.texa.texa_2008_07.104
Original length   4.72m (  1 legs), moved   0.00m ( 0.00m/leg). Error   0.00%
0.000000
H: 0.000000 V: 0.000000

julagua.texa.texa_2008_07.105 - julagua.texa.texa_2008_07.104
Original length   4.72m (  1 legs), moved   0.00m ( 0.00m/leg). Error   0.00%
0.000000
H: 0.000000 V: 0.000000

julagua.texa.texa_2008_07.104 - julagua.texa.texa_2008_07.103
Original length   6.56m (  1 legs), moved   0.00m ( 0.00m/leg). Error   0.00%
0.000000
H: 0.000000 V: 0.000000

julagua.texa.texa_2008_07.104 - julagua.texa.texa_2008_07.103
Original length   6.56m (  1 legs), moved   0.00m ( 0.00m/leg). Error   0.00%
0.000000
H: 0.000000 V: 0.000000

julagua.texa.texa_2008_07.103 - julagua.texa.texa_2008_07.102
Original length   2.38m (  1 legs), moved   0.00m ( 0.00m/leg). Error   0.00%
0.000000
H: 0.000000 V: 0.000000

julagua.texa.texa_2008_07.103 - julagua.texa.texa_2008_07.102
Original length   2.38m (  1 legs), moved   0.00m ( 0.00m/leg). Error   0.00%
0.000000
H: 0.000000 V: 0.000000

julagua.texa.texa_2008_07.101 - julagua.texa.texa_2008_07.102
Original length   6.60m (  1 legs), moved   0.00m ( 0.00m/leg). Error   0.00%
0.000000
H: 0.000000 V: 0.000000

julagua.texa.texa_2008_07.101 - julagua.texa.texa_2008_07.102
Original length   6.60m (  1 legs), moved   0.00m ( 0.00m/leg). Error   0.00%
0.000000
H: 0.000000 V: 0.000000

julagua.texa.texa_2008_07.100 - julagua.texa.texa_2008_07.101
Original length   2.10m (  1 legs), moved   0.00m ( 0.00m/leg). Error   0.00%
0.000000
H: 0.000000 V: 0.000000

julagua.texa.texa_2008_07.100 - julagua.texa.texa_2008_07.101
Original length   2.10m (  1 legs), moved   0.00m ( 0.00m/leg). Error   0.00%
0.000000
H: 0.000000 V: 0.000000

julagua.tormenta.entrance - julagua.surface_05_01.35 - julagua.surface_05_01.34 - julagua.surface_05_01.33 - julagua.surface_05_01.32 - julagua.surface_05_01.31 - julagua.surface_05_01.30 - julagua.surface_05_01.29 - julagua.surface_05_01.28 - julagua.surface_05_01.27 - julagua.surface_05_01.26 - julagua.surface_05_01.25 - julagua.surface_05_01.24 - julagua.surface_05_01.23 - julagua.surface_05_01.22 - julagua.surface_05_01.21 - julagua.surface_05_01.20 - julagua.surface_05_01.19 - julagua.surface_05_01.18 - julagua.surface_05_01.17 - julagua.surface_05_01.16 - julagua.surface_05_01.15 - julagua.surface_05_01.14 - julagua.surface_05_01.13 - julagua.surface_05_01.12 - julagua.surface_05_01.11 - julagua.surface_05_01.10 - julagua.surface_05_01.9 - julagua.surface_05_01.8 - julagua.surface_05_01.7 - julagua.surface_05_01.6 - julagua.surface_05_01.5 - julagua.surface_05_01.4 - julagua.surface_05_01.3 - julagua.surface_05_01.2 - julagua.surface_05_01.1 = julagua.texa.entrance
Original length 869.62m ( 35 legs), moved   7.45m ( 0.21m/leg). Error   0.86%
3.807497
H: 0.913516 V: 5.518261

julagua.texa.texa_97.47 - julagua.texa.texa_97.46 - julagua.texa.texa_97.45 - julagua.texa.texa_97.44b - julagua.texa.texa_97.44 - julagua.texa.texa_97.43 - julagua.texa.texa_97.42 - julagua.texa.texa_97.41 - julagua.texa.texa_97.40 - julagua.texa.texa_97.39 - julagua.texa.texa_97.38 - julagua.texa.texa_97.37 - julagua.texa.texa_97.36 - julagua.texa.texa_97.35 - julagua.texa.texa_97.34 - julagua.texa.texa_97.33 - julagua.texa.texa_97.32 - julagua.texa.texa_97.31 - julagua.texa.texa_97.30 - julagua.texa.texa_97.29 - julagua.texa.texa_97.28 - julagua.texa.texa_97.27 - julagua.texa.texa_97.26 - julagua.texa.texa_97.25 - julagua.texa.texa_97.24 - julagua.texa.texa_97.23 - julagua.texa.texa_97.22 - julagua.texa.texa_97.21 - julagua.texa.texa_97.20 - julagua.texa.texa_97.19 - julagua.texa.texa_97.18 - julagua.texa.texa_97.17 - julagua.texa.texa_97.16 - julagua.texa.texa_97.15 - julagua.texa.texa_97.14 - julagua.texa.texa_97.13 - julagua.texa.texa_97.12 - julagua.texa.texa_97.11 - julagua.texa.texa_97.10 - julagua.texa.texa_97.9 - julagua.texa.texa_97.8 - julagua.texa.texa_97.7 - julagua.texa.texa_97.6 - julagua.texa.texa_97.5 - julagua.texa.texa_97.4 - julagua.texa.texa_97.3 - julagua.texa.texa_97.2 - julagua.texa.texa_97.1 - julagua.texa.texa_97.0 = julagua.texa.texa_96j.30 - julagua.texa.texa_96j.29b - julagua.texa.texa_96j.29 - julagua.texa.texa_96j.28b - julagua.texa.texa_96j.28 - julagua.texa.texa_96j.27 - julagua.texa.texa_96j.26 - julagua.texa.texa_96j.25 - julagua.texa.texa_96j.24b - julagua.texa.texa_96j.24 - julagua.texa.texa_96j.23 - julagua.texa.texa_96j.22 - julagua.texa.texa_96j.21 - julagua.texa.texa_96j.20 - julagua.texa.texa_96j.19 - julagua.texa.texa_96j.18 - julagua.texa.texa_96j.17 - julagua.texa.texa_96j.16 - julagua.texa.texa_96j.15 - julagua.texa.texa_96j.14 - julagua.texa.texa_96j.13 - julagua.texa.texa_96j.12 - julagua.texa.texa_96j.11 - julagua.texa.texa_96j.10 - julagua.texa.texa_96j.9 - julagua.texa.texa_96j.8 - julagua.texa.texa_96j.7 - julagua.texa.texa_96j.6 - julagua.texa.texa_96j.5 - julagua.texa.texa_96j.4 - julagua.texa.texa_96j.3 - julagua.texa.texa_96j.2 - julagua.texa.texa_96j.1 - julagua.texa.texa_96j.0 = julagua.texa.texa_96v.19 - julagua.texa.texa_96v.18 - julagua.texa.texa_96v.17 - julagua.texa.texa_96v.16 - julagua.texa.texa_96v.15 - julagua.texa.texa_96v.14 - julagua.texa.texa_96v.13 - julagua.texa.texa_96v.12 - julagua.texa.texa_96v.11 - julagua.texa.texa_96v.10 - julagua.texa.texa_96v.9 - julagua.texa.texa_96v.8 - julagua.texa.texa_96v.6 - julagua.texa.texa_96v.5 - julagua.texa.texa_96v.4 - julagua.texa.texa_96v.3 - julagua.texa.texa_96v.2 - julagua.texa.texa_96v.1 - julagua.texa.texa_96v.0 = julagua.texa.texa_96c.12 - julagua.texa.texa_96c.11 - julagua.texa.texa_96c.10 - julagua.texa.texa_96c.9 - julagua.texa.texa_96c.8 - julagua.texa.texa_96c.7 - julagua.texa.texa_96c.6 - julagua.texa.texa_96c.5 - julagua.texa.texa_96c.4 - julagua.texa.texa_96c.3 - julagua.texa.texa_96c.2 - julagua.texa.texa_96c.1 - julagua.texa.texa_96c.0 = julagua.texa.texa_95.61 - julagua.texa.texa_95.60 - julagua.texa.texa_95.59 - julagua.texa.texa_95.58 - julagua.texa.texa_95.57 - julagua.texa.texa_95.56 - julagua.texa.texa_95.55 - julagua.texa.texa_95.54 - julagua.texa.texa_95.53 - julagua.texa.texa_95.52 - julagua.texa.texa_95.51 - julagua.texa.texa_95.50 - julagua.texa.texa_95.49 - julagua.texa.texa_95.48 - julagua.texa.texa_95.47 - julagua.texa.texa_95.46 - julagua.texa.texa_95.45 - julagua.texa.texa_95.44 - julagua.texa.texa_95.43 - julagua.texa.texa_95.42 - julagua.texa.texa_95.41 - julagua.texa.texa_95.40 - julagua.texa.texa_95.39 - julagua.texa.texa_95.38 - julagua.texa.texa_95.37 - julagua.texa.texa_95.36 - julagua.texa.texa_95.35 - julagua.texa.texa_95.34 - julagua.texa.texa_95.33 - julagua.texa.texa_95.32 - julagua.texa.texa_95.31 - julagua.texa.texa_95.30 - julagua.texa.texa_95.29 - julagua.texa.texa_95.28 - julagua.texa.texa_95.27 - julagua.texa.texa_95.26 - julagua.texa.texa_95.25 - julagua.texa.texa_95.24 - julagua.texa.texa_95.23 - julagua.texa.texa_95.22 - julagua.texa.texa_95.21 - julagua.texa.texa_95.20 - julagua.texa.texa_95.19 - julagua.texa.texa_95.18 - julagua.texa.texa_95.17 - julagua.texa.texa_95.16 - julagua.texa.texa_95.15 - julagua.texa.texa_95.14 - julagua.texa.texa_95.13 - julagua.texa.texa_95.12 - julagua.texa.texa_95.11 - julagua.texa.texa_95.10 - julagua.texa.texa_95.9 - julagua.texa.texa_95.8 - julagua.texa.texa_95.7 - julagua.texa.texa_95.6 - julagua.texa.texa_95.5 - julagua.texa.texa_95.4 - julagua.texa.texa_95.3 - julagua.texa.texa_95.2 - julagua.texa.texa_95.1 - julagua.texa.texa_95.0 = julagua.texa.entrance
Original length1147.40m (172 legs), moved  40.00m ( 0.23m/leg). Error   3.49%
7.186765
H: 1.731981 V: 12.811837

julagua.texa.texa98_1.8 - julagua.texa.texa98_1.10 - julagua.texa.texa98_1.11 - julagua.texa.texa98_1.12 - julagua.texa.texa98_1.13 - julagua.texa.texa98_1.14 - julagua.texa.texa98_1.15 - julagua.texa.texa98_1.16 = julagua.texa.texa_97.57
Original length  48.50m (  7 legs), moved   5.04m ( 0.72m/leg). Error  10.39%
4.587119
H: 5.402711 V: 1.668400

julagua.texa.texa_05_01.013 - julagua.texa.texa_05_01.012 - julagua.texa.texa_05_01.011 - julagua.texa.texa_05_01.010 - julagua.texa.texa_05_01.009 - julagua.texa.texa_05_01.008 - julagua.texa.texa_05_01.007 - julagua.texa.texa_05_01.006 - julagua.texa.texa_05_01.005 - julagua.texa.texa_05_01.004 - julagua.texa.texa_05_01.003 - julagua.texa.texa_05_01.002 - julagua.texa.texa_05_01.001 - julagua.texa.texa_05_01.026 - julagua.texa.texa_05_01.025 - julagua.texa.texa_05_01.024 - julagua.texa.texa_05_01.023 - julagua.texa.texa_05_01.022 - julagua.texa.texa_05_01.021 - julagua.texa.texa_05_01.020 - julagua.texa.texa_05_01.019 - julagua.texa.texa_05_01.018 - julagua.texa.texa_05_01.017 - julagua.texa.texa_05_01.016 - julagua.texa.texa_05_01.015 - julagua.texa.texa_05_01.013
Original length 115.40m ( 25 legs), moved   2.70m ( 0.11m/leg). Error   2.34%
1.411806
H: 1.621678 V: 0.736452

julagua.texa.texa_05_02.11 - julagua.texa.texa98_2.3 - julagua.texa.texa98_2.4 - julagua.texa.texa98_2.5 - julagua.texa.texa98_2.6 - julagua.texa.texa98_2.7 - julagua.texa.texa98_2.8 - julagua.texa.texa98_2.9 - julagua.texa.texa98_2.10 - julagua.texa.texa98_2.11 - julagua.texa.texa98_2.12 - julagua.texa.texa98_2.13 - julagua.texa.texa98_2.14 - julagua.texa.texa98_2.15 - julagua.texa.texa98_2.16 - julagua.texa.texa98_2.17 - julagua.texa.texa98_2.18 - julagua.texa.texa98_2.19 - julagua.texa.texa98_2.20 - julagua.texa.texa98_2.21 = julagua.texa.texa98_1.0 - julagua.texa.texa98_1.1 - julagua.texa.texa98_1.2 - julagua.texa.texa98_1.3 - julagua.texa.texa98_1.4 - julagua.texa.texa98_1.5 - julagua.texa.texa98_1.6 - julagua.texa.texa98_1.7 - julagua.texa.texa98_1.8
Original length 264.70m ( 27 legs), moved   5.17m ( 0.19m/leg). Error   1.95%
2.060621
H: 1.642418 V: 2.662006

julagua.texa.texa_2008_01.2 - julagua.texa.texa_2008_05.201 - julagua.texa.texa_2008_05.202 - julagua.texa.texa_2008_05.203 - julagua.texa.texa_2008_05.204 - julagua.texa.texa_2008_05.205 - julagua.texa.texa_2008_05.206 - julagua.texa.texa_2008_05.207 - julagua.texa.texa_2008_05.208 - julagua.texa.texa_2008_05.209 - julagua.texa.texa_2008_05.210 - julagua.texa.texa_2008_05.211 - julagua.texa.texa_2008_05.212 - julagua.texa.texa_2008_05.213 - julagua.texa.texa_2008_05.214 - julagua.texa.texa_2008_05.215 - julagua.texa.texa_2008_05.216 - julagua.texa.texa_2008_05.217 = julagua.texa.texa98_1.9 - julagua.texa.texa98_1.8
Original length  92.17m ( 18 legs), moved   9.15m ( 0.51m/leg). Error   9.92%
5.595206
H: 7.124139 V: 0.268181

julagua.texa.texa_2008_01.2 - julagua.texa.texa_2008_01.3 - julagua.texa.texa_2008_01.4 - julagua.texa.texa_2008_01.5 - julagua.texa.texa_2008_01.6 - julagua.texa.texa_2008_01.7 - julagua.texa.texa_2008_01.8 - julagua.texa.texa_2008_01.9 - julagua.texa.texa_2008_01.10 - julagua.texa.texa_2008_01.11 - julagua.texa.texa_2008_01.12 - julagua.texa.texa_2008_01.13 - julagua.texa.texa_2008_01.14 - julagua.texa.texa_2008_01.15 - julagua.texa.texa_2008_01.16 - julagua.texa.texa_2008_01.17 - julagua.texa.texa_2008_01.18 - julagua.texa.texa_2008_01.19 - julagua.texa.texa_2008_01.20 - julagua.texa.texa_2008_01.21 - julagua.texa.texa_2008_01.22 - julagua.texa.texa_2008_01.23 - julagua.texa.texa_2008_01.24 - julagua.texa.texa_2008_01.25 - julagua.texa.texa_2008_01.26 - julagua.texa.texa_2008_01.27 - julagua.texa.texa_2008_01.28 - julagua.texa.texa_2008_01.29 - julagua.texa.texa_2008_01.30 - julagua.texa.texa_2008_01.31 - julagua.texa.texa_2008_01.32 - julagua.texa.texa_2008_01.33 - julagua.texa.texa_2008_01.34 - julagua.texa.texa_2008_01.35 - julagua.texa.texa_2008_01.36 - julagua.texa.texa_2008_01.37 = julagua.texa.texa_2008_04.1 - julagua.texa.texa_2008_04.2 - julagua.texa.texa_2008_04.3 - julagua.texa.texa_2008_04.4 - julagua.texa.texa_2008_04.5 - julagua.texa.texa_2008_04.6 - julagua.texa.texa_2008_04.7 - julagua.texa.texa_2008_04.8 - julagua.texa.texa_2008_04.9 - julagua.texa.texa_2008_04.10 - julagua.texa.texa_2008_04.11 - julagua.texa.texa_2008_04.12 - julagua.texa.texa_2008_04.13 = julagua.texa.texa_05_07.002 - julagua.texa.texa_05_07.003 - julagua.texa.texa_05_07.004 - julagua.texa.texa_05_07.005 - julagua.texa.texa_05_07.006 - julagua.texa.texa_05_07.007 = julagua.texa.texa_05_05.5 - julagua.texa.texa_05_05.6 - julagua.texa.texa_05_05.7 - julagua.texa.texa_05_05.8 - julagua.texa.texa_05_05.9 - julagua.texa.texa_05_05.10 - julagua.texa.texa_05_05.11 - julagua.texa.texa_05_05.12 - julagua.texa.texa_05_05.13 - julagua.texa.texa_05_05.14 - julagua.texa.texa_05_05.15 - julagua.texa.texa_05_05.16 - julagua.texa.texa_05_05.17 - julagua.texa.texa_05_05.18 - julagua.texa.texa_05_05.19 - julagua.texa.texa_05_05.20 - julagua.texa.texa_05_05.21 = julagua.texa.texa_05_04.9 - julagua.texa.texa_05_04.8 - julagua.texa.texa_05_04.7 - julagua.texa.texa_05_04.6 - julagua.texa.texa_05_04.5 - julagua.texa.texa_05_04.4 - julagua.texa.texa_05_04.3 - julagua.texa.texa_05_04.2 - julagua.texa.texa_05_04.1 - julagua.texa.texa_05_04.0 = julagua.texa.texa_05_03.0 - julagua.texa.texa_05_03.1 - julagua.texa.texa_05_03.2 - julagua.texa.texa_05_03.3 - julagua.texa.texa_05_03.4 - julagua.texa.texa_05_03.5 - julagua.texa.texa_05_03.6 - julagua.texa.texa_05_03.7 - julagua.texa.texa_05_03.8 - julagua.texa.texa_05_03.9 - julagua.texa.texa_05_03.10 - julagua.texa.texa_05_03.11 - julagua.texa.texa_05_03.12 - julagua.texa.texa_05_03.13 - julagua.texa.texa_05_03.14 - julagua.texa.texa_05_03.15 - julagua.texa.texa_05_03.16 - julagua.texa.texa_05_03.17 - julagua.texa.texa_05_03.18 - julagua.texa.texa_05_03.19 - julagua.texa.texa_05_03.20 - julagua.texa.texa_05_03.21 - julagua.texa.texa_05_03.22 - julagua.texa.texa_05_03.23 - julagua.texa.texa_05_03.24 - julagua.texa.texa_05_03.25 - julagua.texa.texa_05_03.26 = 
Original length 744.37m (103 legs), moved  14.97m ( 0.15m/leg). Error   2.01%
3.528355
H: 3.019994 V: 4.340366

julagua.texa.texa98_3.5 - julagua.texa.texa_2008_01.1 - julagua.texa.texa_2008_01.2
Original length  14.41m (  2 legs), moved   1.39m ( 0.69m/leg). Error   9.62%
2.329200
H: 2.693292 V: 1.197798

julagua.texa.texa98_3.5 - julagua.texa.texa98_3.8 - julagua.texa.texa98_3.9 - julagua.texa.texa98_3.12 - julagua.texa.texa98_3.13 - julagua.texa.texa98_3.14 - julagua.texa.texa98_3.15 = julagua.texa.texa_97.64 - julagua.texa.texa_97.63 - julagua.texa.texa_97.62 - julagua.texa.texa_97.61 - julagua.texa.texa_97.60 - julagua.texa.texa_97.59 - julagua.texa.texa_97.58 - julagua.texa.texa_97.57
Original length  74.40m ( 13 legs), moved   7.09m ( 0.55m/leg). Error   9.53%
4.933763
H: 5.995824 V: 2.724467

julagua.texa.texa_2008_07.125 - julagua.texa.texa_2008_07.126 - julagua.texa.texa_2008_07.125
Original length  31.70m (  2 legs), moved   0.00m ( 0.00m/leg). Error   0.00%
0.000000
H: 0.000000 V: 0.000000

julagua.tormenta.2002.a.51 - julagua.tormenta.2002.b.2 - julagua.tormenta.2002.b.3 - julagua.tormenta.2002.b.4 - julagua.tormenta.2002.b.5 - julagua.tormenta.2002.b.6 - julagua.tormenta.2002.b.7 - julagua.tormenta.2002.b.8 - julagua.tormenta.2002.b.9 - julagua.tormenta.2002.b.10 - julagua.tormenta.2002.b.11 - julagua.tormenta.2002.b.12 - julagua.tormenta.2002.b.13 - julagua.tormenta.2002.b.14 - julagua.tormenta.2002.b.15 - julagua.tormenta.2002.b.16 - julagua.tormenta.2002.b.17 - julagua.tormenta.2002.b.18 - julagua.tormenta.2002.b.19 - julagua.tormenta.2002.b.20 - julagua.tormenta.2002.b.21 - julagua.tormenta.2002.b.22 - julagua.tormenta.2002.b.23 - julagua.tormenta.2002.b.24 - julagua.tormenta.2002.b.25 - julagua.tormenta.2002.b.26 - julagua.tormenta.2002.b.27 - julagua.tormenta.2002.b.28 - julagua.tormenta.2002.b.29 - julagua.tormenta.2002.b.30 - julagua.tormenta.2002.b.31 - julagua.tormenta.2002.b.32 - julagua.tormenta.2002.b.33 - julagua.tormenta.2002.b.34 - julagua.tormenta.2002.b.35 - julagua.tormenta.2002.b.36 - julagua.tormenta.2002.b.37 - julagua.tormenta.2002.b.38 - julagua.tormenta.2002.b.39 - julagua.tormenta.2002.b.40 - julagua.tormenta.2002.b.41 - julagua.tormenta.2002.b.42 - julagua.tormenta.2002.b.43 - julagua.tormenta.2002.b.44 - julagua.tormenta.2002.b.45 - julagua.tormenta.2002.b.46 - julagua.tormenta.2002.b.47 - julagua.tormenta.2002.b.48 - julagua.tormenta.2002.b.49 - julagua.tormenta.2002.b.50 - julagua.tormenta.2002.b.51 - julagua.tormenta.2002.b.52 - julagua.tormenta.2002.b.53 - julagua.tormenta.2002.b.54 - julagua.tormenta.2002.b.55 - julagua.tormenta.2002.b.56 - julagua.tormenta.2002.b.57 - julagua.tormenta.2002.b.58 - julagua.tormenta.2002.b.59 - julagua.tormenta.2002.b.60 - julagua.tormenta.2002.b.61 - julagua.tormenta.2002.b.62 - julagua.tormenta.2002.b.63 - julagua.tormenta.2002.b.64 - julagua.tormenta.2002.b.65 - julagua.tormenta.2002.b.66 - julagua.tormenta.2002.b.67 - julagua.tormenta.2002.b.68 - julagua.tormenta.2002.b.69 - julagua.tormenta.2002.b.70 = julagua.tormenta.2002.c.15 - julagua.tormenta.2002.c.14 - julagua.tormenta.2002.c.13 - julagua.tormenta.2002.c.12 - julagua.tormenta.2002.c.11 - julagua.tormenta.2002.c.10 - julagua.tormenta.2002.c.9 - julagua.tormenta.2002.c.8 - julagua.tormenta.2002.c.7 - julagua.tormenta.2002.c.6 - julagua.tormenta.2002.c.5 - julagua.tormenta.2002.c.4 - julagua.tormenta.2002.c.3 - julagua.tormenta.2002.c.2 - julagua.tormenta.2002.c.1 = julagua.tormenta.2002.h.15 - julagua.tormenta.2002.h.14 - julagua.tormenta.2002.h.13 - julagua.tormenta.2002.h.12 - julagua.tormenta.2002.h.11 - julagua.tormenta.2002.h.10 - julagua.tormenta.2002.h.9 - julagua.tormenta.2002.h.8 - julagua.tormenta.2002.h.7 - julagua.tormenta.2002.h.6 - julagua.tormenta.2002.h.5 - julagua.tormenta.2002.h.4 - julagua.tormenta.2002.h.3 - julagua.tormenta.2002.h.2 - julagua.tormenta.2002.h.1 = julagua.tormenta.2002.i.1 - julagua.tormenta.2002.i.101 - julagua.tormenta.2002.i.102 - julagua.tormenta.2002.i.103 - julagua.tormenta.2002.i.tss - julagua.tormenta.2002.i.104 - julagua.tormenta.2002.i.105 = julagua.tormenta.2002.k.39 - julagua.tormenta.2002.k.38 - julagua.tormenta.2002.k.37 - julagua.tormenta.2002.k.36 - julagua.tormenta.2002.k.35 - julagua.tormenta.2002.k.34 - julagua.tormenta.2002.k.33 - julagua.tormenta.2002.k.32 - julagua.tormenta.2002.k.31 - julagua.tormenta.2002.k.30 - julagua.tormenta.2002.k.29 - julagua.tormenta.2002.k.28 - julagua.tormenta.2002.k.27 - julagua.tormenta.2002.k.26 - julagua.tormenta.2002.k.25 - julagua.tormenta.2002.k.24 - julagua.tormenta.2002.k.23 - julagua.tormenta.2002.k.22 - julagua.tormenta.2002.k.21 - julagua.tormenta.2002.k.20 - julagua.tormenta.2002.k.19 - julagua.tormenta.2002.k.18 - julagua.tormenta.2002.k.17 - julagua.tormenta.2002.k.16 - julagua.tormenta.2002.k.15 - julagua.tormenta.2002.k.14 - julagua.tormenta.2002.k.7 - julagua.tormenta.2002.k.6 - julagua.tormenta.2002.k.5 - julagua.tormenta.2002.k.4 - julagua.tormenta.2002.k.3 - julagua.tormenta.2002.k.2 - julagua.tormenta.2002.k.1 = julagua.tormenta.2002.l.16 - julagua.tormenta.2002.l.15 - julagua.tormenta.2002.l.14 - julagua.tormenta.2002.l.13 - julagua.tormenta.2002.l.12 - julagua.tormenta.2002.l.11 - julagua.tormenta.2002.l.10 - julagua.tormenta.2002.l.9 - julagua.tormenta.2002.l.8 - julagua.tormenta.2002.l.7 - julagua.tormenta.2002.l.6 - julagua.tormenta.2002.l.5 - julagua.tormenta.2002.l.4 - julagua.tormenta.2002.l.3 = julagua.tormenta.2002.n.1 - julagua.tormenta.2002.n.2 - julagua.tormenta.2002.n.3 - julagua.tormenta.2002.n.4 - julagua.tormenta.2002.n.5 - julagua.tormenta.2002.n.6 - julagua.tormenta.2002.n.7 - julagua.tormenta.2002.n.8 - julagua.tormenta.2002.n.9 - julagua.tormenta.2002.n.10 - julagua.tormenta.2002.n.11 - julagua.tormenta.2002.n.12 - julagua.tormenta.2002.n.13 - julagua.tormenta.2002.n.14 - julagua.tormenta.2002.n.15 - julagua.tormenta.2002.n.37 - julagua.tormenta.2002.n.36 - julagua.tormenta.2002.n.35 - julagua.tormenta.2002.n.34 - julagua.tormenta.2002.n.33 - julagua.tormenta.2002.n.32 - julagua.tormenta.2002.n.31 - julagua.tormenta.2002.n.30 - julagua.tormenta.2002.n.29 - julagua.tormenta.2002.n.26 - julagua.tormenta.2002.n.25 - julagua.tormenta.2002.n.24 - julagua.tormenta.2002.n.23 - julagua.tormenta.2002.n.22 - julagua.tormenta.2002.n.21 - julagua.tormenta.2002.n.20 - julagua.tormenta.2002.n.19 - julagua.tormenta.2002.n.18 - julagua.tormenta.2002.n.17 - julagua.tormenta.2002.n.16 = julagua.tormenta.2002.r.b13 - julagua.tormenta.2002.r.b12 - julagua.tormenta.2002.r.b11 - julagua.tormenta.2002.r.b10 - julagua.tormenta.2002.r.b9 - julagua.tormenta.2002.r.b8 - julagua.tormenta.2002.r.b7 - julagua.tormenta.2002.r.b6 - julagua.tormenta.2002.r.b5 - julagua.tormenta.2002.r.b4 - julagua.tormenta.2002.r.b3 - julagua.tormenta.2002.r.b2 - julagua.tormenta.2002.r.b1 - julagua.tormenta.2002.r.b0 = julagua.tormenta.2002.q.35 - julagua.tormenta.2002.q.34 - julagua.tormenta.2002.q.33 - julagua.tormenta.2002.q.32 - julagua.tormenta.2002.q.31 - julagua.tormenta.2002.q.30 - julagua.tormenta.2002.q.29 - julagua.tormenta.2002.q.28 - julagua.tormenta.2002.q.27 - julagua.tormenta.2002.q.26 - julagua.tormenta.2002.q.25 - julagua.tormenta.2002.q.24 - julagua.tormenta.2002.q.23 - julagua.tormenta.2002.q.22 - julagua.tormenta.2002.q.21 - julagua.tormenta.2002.q.20 - julagua.tormenta.2002.q.19 - julagua.tormenta.2002.q.18 - julagua.tormenta.2002.q.17 - julagua.tormenta.2002.q.16 - julagua.tormenta.2002.q.15 - julagua.tormenta.2002.q.14 - julagua.tormenta.2002.q.13 - julagua.tormenta.2002.q.12 - julagua.tormenta.2002.q.11 - julagua.tormenta.2002.q.10 - julagua.tormenta.2002.q.9 - julagua.tormenta.2002.q.8 - julagua.tormenta.2002.q.7 - julagua.tormenta.2002.q.6 - julagua.tormenta.2002.q.5 - julagua.tormenta.2002.q.4 - julagua.tormenta.2002.q.3 - julagua.tormenta.2002.q.2 - julagua.tormenta.2002.q.1 = julagua.tormenta.2002.r.0 - julagua.tormenta.2002.r.1 - julagua.tormenta.2002.r.2 - julagua.tormenta.2002.r.3 - julagua.tormenta.2002.r.4 - julagua.tormenta.2002.r.5 - julagua.tormenta.2002.r.6 - julagua.tormenta.2002.r.7 - julagua.tormenta.2002.r.8 - julagua.tormenta.2002.r.9 - julagua.tormenta.2002.r.10 - julagua.tormenta.2002.r.11 - julagua.tormenta.2002.r.12 - julagua.tormenta.2002.r.13 - julagua.tormenta.2002.r.14 - julagua.tormenta.2002.r.15 - julagua.tormenta.2002.r.16 - julagua.tormenta.2002.r.17 - julagua.tormenta.2002.r.18 - julagua.tormenta.2002.r.19 - julagua.tormenta.2002.r.20 - julagua.tormenta.2002.r.21 - julagua.tormenta.2002.r.22 - julagua.tormenta.2002.r.23 - julagua.tormenta.2002.r.24 - julagua.tormenta.2002.r.25 = julagua.tormenta.2002.u.0 - julagua.tormenta.2002.u.1 - julagua.tormenta.2002.u.2 - julagua.tormenta.2002.u.3 - julagua.tormenta.2002.u.4 - julagua.tormenta.2002.u.5 - julagua.tormenta.2002.u.6 - julagua.tormenta.2002.u.7 - julagua.tormenta.2002.u.8 - julagua.tormenta.2002.u.9 - julagua.tormenta.2002.u.10 - julagua.tormenta.2002.u.11 - julagua.tormenta.2002.u.12 - julagua.tormenta.2002.u.13 - julagua.tormenta.2002.u.14 - julagua.tormenta.2002.u.15 - julagua.tormenta.2002.u.16 - julagua.tormenta.2002.u.17 - julagua.tormenta.2002.u.18 - julagua.tormenta.2002.u.19 - julagua.tormenta.2002.u.20 - julagua.tormenta.2002.u.21 - julagua.tormenta.2002.u.22 - julagua.tormenta.2002.u.23 - julagua.tormenta.2002.u.24 - julagua.tormenta.2002.u.25 - julagua.tormenta.2002.u.26 - julagua.tormenta.2002.u.27 - julagua.tormenta.2002.u.28 - julagua.tormenta.2002.u.29 - julagua.tormenta.2002.u.30 - julagua.tormenta.2002.u.31 - julagua.tormenta.2002.u.32 - julagua.tormenta.2002.u.33 - julagua.tormenta.2002.u.34 - julagua.tormenta.2002.u.35 - julagua.tormenta.2002.u.36 - julagua.tormenta.2002.u.37 - julagua.tormenta.2002.u.38 - julagua.tormenta.2002.u.39 - julagua.tormenta.2002.u.40 - julagua.tormenta.2002.u.41 - julagua.tormenta.2002.u.42 - julagua.tormenta.2002.u.43 - julagua.tormenta.2002.u.44 - julagua.tormenta.2002.u.45 - julagua.tormenta.2002.u.46 - julagua.tormenta.2002.u.47 - julagua.tormenta.2002.u.48 - julagua.tormenta.2002.u.49 - julagua.tormenta.2002.u.50 - julagua.tormenta.2002.u.51 - julagua.tormenta.2002.u.52 - julagua.tormenta.2002.u.53 - julagua.tormenta.2002.u.54 - julagua.tormenta.2002.u.55 - julagua.tormenta.2002.u.56 - julagua.tormenta.2002.u.57 - julagua.tormenta.2002.u.58 - julagua.tormenta.2002.u.59 = julagua.tormenta.2003.n.1 - julagua.tormenta.2003.n.2 - julagua.tormenta.2003.n.3 - julagua.tormenta.2003.n.4 - julagua.tormenta.2003.n.5 - julagua.tormenta.2003.n.6 - julagua.tormenta.2003.n.7 - julagua.tormenta.2003.n.8 - julagua.tormenta.2003.n.9 - julagua.tormenta.2003.n.10 - julagua.tormenta.2003.n.11 - julagua.tormenta.2003.n.12 - julagua.tormenta.2003.n.13 = julagua.tormenta.2003.o.15 - julagua.tormenta.2003.o.14 - julagua.tormenta.2003.o.13 - julagua.tormenta.2003.o.12 - julagua.tormenta.2003.o.11 - julagua.tormenta.2003.o.10 - julagua.tormenta.2003.o.9 - julagua.tormenta.2003.o.8 - julagua.tormenta.2003.o.7 - julagua.tormenta.2003.o.6 - julagua.tormenta.2003.o.5 - julagua.tormenta.2003.o.4 - julagua.tormenta.2003.o.3 - julagua.tormenta.2003.o.2 - julagua.tormenta.2003.o.1 = julagua.tormenta.2003.p.21 - julagua.tormenta.2003.p.20 - julagua.tormenta.2003.p.19 - julagua.tormenta.2003.p.18 - julagua.tormenta.2003.p.17 - julagua.tormenta.2003.p.16 - julagua.tormenta.2003.p.15 - julagua.tormenta.2003.p.14 - julagua.tormenta.2003.p.13 - julagua.tormenta.2003.p.12 - julagua.tormenta.2003.p.11 - julagua.tormenta.2003.p.10 - julagua.tormenta.2003.p.9 - julagua.tormenta.2003.p.8 - julagua.tormenta.2003.p.7 - julagua.tormenta.2003.p.6 - julagua.tormenta.2003.p.5 - julagua.tormenta.2003.p.4 - julagua.tormenta.2003.p.3 - julagua.tormenta.2003.p.2 - julagua.tormenta.2003.p.1 = julagua.tormenta.2003.q.1 - julagua.tormenta.2003.q.2 - julagua.tormenta.2003.q.3 - julagua.tormenta.2003.q.4 - julagua.tormenta.2003.q.5 - julagua.tormenta.2003.q.6 - julagua.tormenta.2003.q.7 - julagua.tormenta.2003.q.8 - julagua.tormenta.2003.q.9 = julagua.tormenta.texa_connection = julagua.texa.texa_97.47
Original length2421.56m (367 legs), moved   6.78m ( 0.02m/leg). Error   0.28%
3.098555
H: 0.669389 V: 5.291091

julagua.tormenta.2002.a.51 - julagua.tormenta.2002.a.50 - julagua.tormenta.2002.a.49 - julagua.tormenta.2002.a.48 - julagua.tormenta.2002.a.47 - julagua.tormenta.2002.a.46 - julagua.tormenta.2002.a.45 - julagua.tormenta.2002.a.44 - julagua.tormenta.2002.a.43 - julagua.tormenta.2002.a.42 - julagua.tormenta.2002.a.41 - julagua.tormenta.2002.a.40 - julagua.tormenta.2002.a.39 - julagua.tormenta.2002.a.38 - julagua.tormenta.2002.a.37 - julagua.tormenta.2002.a.36 - julagua.tormenta.2002.a.35 - julagua.tormenta.2002.a.34 - julagua.tormenta.2002.a.33 - julagua.tormenta.2002.a.32 - julagua.tormenta.2002.a.31 - julagua.tormenta.2002.a.30 - julagua.tormenta.2002.a.29 - julagua.tormenta.2002.a.28 - julagua.tormenta.2002.a.27 - julagua.tormenta.2002.a.26 - julagua.tormenta.2002.a.25 - julagua.tormenta.2002.a.24 - julagua.tormenta.2002.a.23 - julagua.tormenta.2002.a.22 - julagua.tormenta.2002.a.21 - julagua.tormenta.2002.a.20 - julagua.tormenta.2002.a.19 - julagua.tormenta.2002.a.18 - julagua.tormenta.2002.a.17 - julagua.tormenta.2002.a.16 - julagua.tormenta.2002.a.15 - julagua.tormenta.2002.a.14 - julagua.tormenta.2002.a.13 - julagua.tormenta.2002.a.12 - julagua.tormenta.2002.a.11 - julagua.tormenta.2002.a.10 - julagua.tormenta.2002.a.9 - julagua.tormenta.2002.a.8 - julagua.tormenta.2002.a.7 - julagua.tormenta.2002.a.6 - julagua.tormenta.2002.a.5 - julagua.tormenta.2002.a.4 - julagua.tormenta.2002.a.3 - julagua.tormenta.2002.a.2 - julagua.tormenta.2002.a.1 = julagua.tormenta.2002.ent.12 - julagua.tormenta.2002.ent.11 - julagua.tormenta.2002.ent.10 - julagua.tormenta.2002.ent.9 - julagua.tormenta.2002.ent.8 - julagua.tormenta.2002.ent.7 - julagua.tormenta.2002.ent.6 - julagua.tormenta.2002.ent.5 - julagua.tormenta.2002.ent.4 - julagua.tormenta.2002.ent.3 - julagua.tormenta.2002.ent.2 - julagua.tormenta.2002.ent.1 - julagua.tormenta.2002.ent.0 = julagua.tormenta.2002.entrance = julagua.tormenta.entrance
Original length 393.30m ( 62 legs), moved   1.16m ( 0.02m/leg). Error   0.29%
1.312656
H: 0.264637 V: 2.192321

julagua.tormenta.2002.g.2 - julagua.tormenta.2002.g.3 - julagua.tormenta.2002.g.4 - julagua.tormenta.2002.g.6 - julagua.tormenta.2002.g.13 - julagua.tormenta.2002.g.15 - julagua.tormenta.2002.g.2
Original length  98.83m (  6 legs), moved   5.07m ( 0.85m/leg). Error   5.13%
9.473734
H: 12.563105 V: 2.845709

julagua.tormenta.2002.m.pss1 - julagua.tormenta.2002.m.1 - julagua.tormenta.2002.m.2 - julagua.tormenta.2002.m.4 - julagua.tormenta.2002.m.5 - julagua.tormenta.2002.m.6 - julagua.tormenta.2002.m.7 - julagua.tormenta.2002.m.12 - julagua.tormenta.2002.m.13 - julagua.tormenta.2002.m.14 - julagua.tormenta.2002.m.15 - julagua.tormenta.2002.m.16 - julagua.tormenta.2002.m.pss1
Original length 195.41m ( 12 legs), moved   2.90m ( 0.24m/leg). Error   1.48%
3.761936
H: 4.289273 V: 2.973614

