entrance - <fixed point>
Original length   0.00m (  1 legs), moved   2.24m ( 2.24m/leg). Error    N/A
0.129099
H: 0.158114 V: 0.000000

area4.b.1 - ent.a.50 - ent.a.49 - ent.a.48 - ent.a.47 - ent.a.46 - ent.a.45 - ent.a.44 - ent.a.43 - ent.a.42 - ent.a.41 - ent.a.40 - ent.a.39 - ent.a.38 - ent.a.37 - ent.a.36 - ent.a.35 - ent.a.34 - ent.a.33 - ent.a.32 - ent.a.31 - ent.a.30 - ent.a.29 - ent.a.28 - ent.a.27 - ent.a.26 - ent.a.25 - ent.a.24 - ent.a.23 - ent.a.22 - ent.a.21 - ent.a.20 - ent.a.19 - ent.a.18 - ent.a.17 - ent.a.16 - ent.a.15 - ent.a.14 - ent.a.13 - ent.a.12 - ent.a.11 - ent.a.10 - ent.a.9 - ent.a.8 - ent.a.7 - ent.a.6 - ent.a.5 - ent.a.4 - ent.a.3 - ent.a.2 - ent.a.1 = ent.ent.12 - ent.ent.11 - ent.ent.10 - ent.ent.9 - ent.ent.8 - ent.ent.7 - ent.ent.6 - ent.ent.5 - ent.ent.4 - ent.ent.3 - ent.ent.2 - ent.ent.1 - ent.ent.0 = ent.entrance = entrance
Original length 393.33m ( 62 legs), moved   0.00m ( 0.00m/leg). Error   0.00%
0.000000
H: 0.000000 V: 0.000000

area4.g.2 - area4.g.3 - area4.g.4 - area4.g.6 - area4.g.13 - area4.g.15 - area4.g.2
Original length  98.83m (  6 legs), moved   5.07m ( 0.85m/leg). Error   5.13%
9.473734
H: 12.563105 V: 2.845709

area4.g.2 - area4.g.1 = area4.b.1
Original length   9.75m (  1 legs), moved   0.00m ( 0.00m/leg). Error   0.00%
0.000000
H: 0.000000 V: 0.000000

area4.m.pss1 - area4.m.1 - area4.m.2 - area4.m.4 - area4.m.5 - area4.m.6 - area4.m.7 - area4.m.12 - area4.m.13 - area4.m.14 - area4.m.15 - area4.m.16 - area4.m.pss1
Original length 194.91m ( 12 legs), moved   2.62m ( 0.22m/leg). Error   1.34%
3.397218
H: 4.018171 V: 2.405455

