a.51 - a.50 - a.49 - a.48 - a.47 - a.46 - a.45 - a.44 - a.43 - a.42 - a.41 - a.40 - a.39 - a.38 - a.37 - a.36 - a.35 - a.34 - a.33 - a.32 - a.31 - a.30 - a.29 - a.28 - a.27 - a.26 - a.25 - a.24 - a.23 - a.22 - a.21 - a.20 - a.19 - a.18 - a.17 - a.16 - a.15 - a.14 - a.13 - a.12 - a.11 - a.10 - a.9 - a.8 - a.7 - a.6 - a.5 - a.4 - a.3 - a.2 - a.1 = ent.12 - ent.11 - ent.10 - ent.9 - ent.8 - ent.7 - ent.6 - ent.5 - ent.4 - ent.3 - ent.2 - ent.1 - ent.0
Original length 393.30m ( 62 shots), moved   0.00m ( 0.00m/shot). Error   0.00%
0.000000
H: 0.000000 V: 0.000000

g.2 - g.3 - g.4 - g.6 - g.13 - g.15 - g.2
Original length  98.83m (  6 shots), moved   5.07m ( 0.85m/shot). Error   5.13%
9.473734
H: 12.563105 V: 2.845709

g.2 - g.1 = a.51
Original length   9.75m (  1 shots), moved   0.00m ( 0.00m/shot). Error   0.00%
0.000000
H: 0.000000 V: 0.000000

m.pss1 - m.1 - m.2 - m.4 - m.5 - m.6 - m.7 - m.12 - m.13 - m.14 - m.15 - m.16 - m.pss1
Original length 195.41m ( 12 shots), moved   2.90m ( 0.24m/shot). Error   1.48%
3.761936
H: 4.289273 V: 2.973614

50refugi.29 - 50refugi.28 - 50refugi.27 - 50refugi.26 - 50refugi.25 - 50refugi.24 - 50refugi.23 - 50refugi.22 - 50refugi.21 - 50refugi.20 - 50refugi.19 - 50refugi.18 - 50refugi.17 - 50refugi.16 - 50refugi.15 - 50refugi.14 - 50refugi.13 - 50refugi.12 - 50refugi.11 - 50refugi.10 - 50refugi.9 - 50refugi.8 - 50refugi.7 - 50refugi.6 - 50refugi.5 - 50refugi.4 - 50refugi.3 - 50refugi.2 - 50refugi.1 - 50refugi.0 = muxatexa.50 - muxatexa.51 - muxatexa.52 - muxatexa.53 - muxatexa.54 - muxatexa.55 - muxatexa.56 - muxatexa.57 - muxatexa.58 - muxatexa.59 - muxatexa.60 - muxatexa.61 - muxatexa.62 - muxatexa.63 - muxatexa.64 - muxatexa.65 - muxatexa.66 - muxatexa.67 - muxatexa.68 - muxatexa.69 - muxatexa.70 - muxatexa.71 - muxatexa.72 - muxatexa.73 - muxatexa.74 - muxatexa.75
Original length1502.35m ( 54 shots), moved   0.00m ( 0.00m/shot). Error   0.00%
0.000945
H: 0.000857 V: 0.001037

