cabrones.3 - cabrones.1
Original length  30.00m (  1 legs), moved   0.00m ( 0.00m/leg). Error   0.00%
0.000000
H: 0.000000 V: 0.000000

cabrones.3 - cabrones.0
Original length  30.00m (  1 legs), moved   0.00m ( 0.00m/leg). Error   0.00%
0.000000
H: 0.000000 V: 0.000000

traviesos.3 - traviesos.1
Original length  30.00m (  1 legs), moved   0.00m ( 0.00m/leg). Error   0.00%
0.000000
H: 0.000000 V: 0.000000

traviesos.3 - traviesos.0
Original length  30.00m (  1 legs), moved   0.00m ( 0.00m/leg). Error   0.00%
0.000000
H: 0.000000 V: 0.000000

rasa.3 - rasa.1
Original length  30.00m (  1 legs), moved   0.00m ( 0.00m/leg). Error   0.00%
0.000000
H: 0.000000 V: 0.000000

rasa.3 - rasa.0
Original length  30.00m (  1 legs), moved   0.00m ( 0.00m/leg). Error   0.00%
0.000000
H: 0.000000 V: 0.000000

verde.3 - verde.1
Original length  30.00m (  1 legs), moved   0.00m ( 0.00m/leg). Error   0.00%
0.000000
H: 0.000000 V: 0.000000

verde.3 - verde.0
Original length  30.00m (  1 legs), moved   0.00m ( 0.00m/leg). Error   0.00%
0.000000
H: 0.000000 V: 0.000000

julagua.3 - julagua.1
Original length  30.00m (  1 legs), moved   0.00m ( 0.00m/leg). Error   0.00%
0.000000
H: 0.000000 V: 0.000000

julagua.3 - julagua.0
Original length  30.00m (  1 legs), moved   0.00m ( 0.00m/leg). Error   0.00%
0.000000
H: 0.000000 V: 0.000000

picojorcada.3 - picojorcada.1
Original length  30.00m (  1 legs), moved   0.00m ( 0.00m/leg). Error   0.00%
0.000000
H: 0.000000 V: 0.000000

picojorcada.3 - picojorcada.0
Original length  30.00m (  1 legs), moved   0.00m ( 0.00m/leg). Error   0.00%
0.000000
H: 0.000000 V: 0.000000

conjurtao.3 - conjurtao.1
Original length  30.00m (  1 legs), moved   0.00m ( 0.00m/leg). Error   0.00%
0.000000
H: 0.000000 V: 0.000000

conjurtao.3 - conjurtao.0
Original length  30.00m (  1 legs), moved   0.00m ( 0.00m/leg). Error   0.00%
0.000000
H: 0.000000 V: 0.000000

gustuteru.3 - gustuteru.1
Original length  30.00m (  1 legs), moved   0.00m ( 0.00m/leg). Error   0.00%
0.000000
H: 0.000000 V: 0.000000

gustuteru.3 - gustuteru.0
Original length  30.00m (  1 legs), moved   0.00m ( 0.00m/leg). Error   0.00%
0.000000
H: 0.000000 V: 0.000000

cuvicente.3 - cuvicente.1
Original length  30.00m (  1 legs), moved   0.00m ( 0.00m/leg). Error   0.00%
0.000000
H: 0.000000 V: 0.000000

cuvicente.3 - cuvicente.0
Original length  30.00m (  1 legs), moved   0.00m ( 0.00m/leg). Error   0.00%
0.000000
H: 0.000000 V: 0.000000

jultayu.3 - jultayu.1
Original length  30.00m (  1 legs), moved   0.00m ( 0.00m/leg). Error   0.00%
0.000000
H: 0.000000 V: 0.000000

jultayu.3 - jultayu.0
Original length  30.00m (  1 legs), moved   0.00m ( 0.00m/leg). Error   0.00%
0.000000
H: 0.000000 V: 0.000000

verdelluenga.3 - verdelluenga.1
Original length  30.00m (  1 legs), moved   0.00m ( 0.00m/leg). Error   0.00%
0.000000
H: 0.000000 V: 0.000000

verdelluenga.3 - verdelluenga.0
Original length  30.00m (  1 legs), moved   0.00m ( 0.00m/leg). Error   0.00%
0.000000
H: 0.000000 V: 0.000000

culiembro.postsifo.13 - culiembro.postsifo.14
Original length  15.00m (  1 legs), moved   0.93m ( 0.93m/leg). Error   6.19%
4.754343
H: 6.320943 V: 1.009196

jorcada.perdices.9 - jorcada.perdices.12
Original length   3.20m (  1 legs), moved   0.04m ( 0.04m/leg). Error   1.18%
0.483489
H: 0.518216 V: 0.436739

xitu.cistra.53 - xitu.cistra.54
Original length   9.80m (  1 legs), moved   0.63m ( 0.63m/leg). Error   6.38%
5.634776
H: 1.379799 V: 10.590698

culiembro.blackhole.28 - culiembro.blackhole.14
Original length   4.82m (  1 legs), moved   0.04m ( 0.04m/leg). Error   0.81%
0.426560
H: 0.481040 V: 0.272732

culiembro.postsifo.3 - culiembro.postsifo.4
Original length  20.00m (  1 legs), moved   0.23m ( 0.23m/leg). Error   1.13%
0.878039
H: 1.140741 V: 0.429100

culiembro.postsifo.4 - culiembro.postsifo.5
Original length  10.00m (  1 legs), moved   0.25m ( 0.25m/leg). Error   2.53%
1.778684
H: 2.230591 V: 0.793401

verdelluenga.0 - verdelluenga.1
Original length  30.00m (  1 legs), moved   0.00m ( 0.00m/leg). Error   0.00%
0.000000
H: 0.000000 V: 0.000000

jultayu.0 - jultayu.1
Original length  30.00m (  1 legs), moved   0.00m ( 0.00m/leg). Error   0.00%
0.000000
H: 0.000000 V: 0.000000

cuvicente.0 - cuvicente.1
Original length  30.00m (  1 legs), moved   0.00m ( 0.00m/leg). Error   0.00%
0.000000
H: 0.000000 V: 0.000000

gustuteru.0 - gustuteru.1
Original length  30.00m (  1 legs), moved   0.00m ( 0.00m/leg). Error   0.00%
0.000000
H: 0.000000 V: 0.000000

conjurtao.0 - conjurtao.1
Original length  30.00m (  1 legs), moved   0.00m ( 0.00m/leg). Error   0.00%
0.000000
H: 0.000000 V: 0.000000

picojorcada.0 - picojorcada.1
Original length  30.00m (  1 legs), moved   0.00m ( 0.00m/leg). Error   0.00%
0.000000
H: 0.000000 V: 0.000000

julagua.0 - julagua.1
Original length  30.00m (  1 legs), moved   0.00m ( 0.00m/leg). Error   0.00%
0.000000
H: 0.000000 V: 0.000000

verde.0 - verde.1
Original length  30.00m (  1 legs), moved   0.00m ( 0.00m/leg). Error   0.00%
0.000000
H: 0.000000 V: 0.000000

rasa.0 - rasa.1
Original length  30.00m (  1 legs), moved   0.00m ( 0.00m/leg). Error   0.00%
0.000000
H: 0.000000 V: 0.000000

traviesos.0 - traviesos.1
Original length  30.00m (  1 legs), moved   0.00m ( 0.00m/leg). Error   0.00%
0.000000
H: 0.000000 V: 0.000000

cabrones.0 - cabrones.1
Original length  30.00m (  1 legs), moved   0.00m ( 0.00m/leg). Error   0.00%
0.000000
H: 0.000000 V: 0.000000

2_7.entrance.b15 - 2_7.entrance.b14 - 2_7.entrance.b13 - 2_7.entrance.b12 - 2_7.entrance.b11 - 2_7.entrance.b10 - 2_7.entrance.b9 - 2_7.entrance.b8 - 2_7.entrance.b5 - 2_7.entrance.b4 - 2_7.entrance.b3 - 2_7.entrance.b2 - 2_7.entrance.a14 - 2_7.entrance.a13 - 2_7.entrance.a12 - 2_7.entrance.a11 - 2_7.entrance.a10 - 2_7.entrance.a9 - 2_7.entrance.a8 - 2_7.entrance.a7 - 2_7.entrance.a6 - 2_7.entrance.a5 - 2_7.entrance.a4_x_ - 2_7.entrance.a3 - 2_7.entrance.a2
Original length 187.80m ( 24 legs), moved   0.00m ( 0.00m/leg). Error   0.00%
0.000000
H: 0.000000 V: 0.000000

2_7.gsp.qf11 - 2_7.gsp.qf10 - 2_7.gsp.qf9 - 2_7.gsp.qf8 - 2_7.gsp.qf6 - 2_7.gsp.qf5 - 2_7.gsp.qf4 - 2_7.gsp.qf3 - 2_7.gsp.qf2 - 2_7.gsp.qf1 - 2_7.gsp.qe30 - 2_7.gsp.qe29 - 2_7.gsp.qe28 - 2_7.gsp.qe27 - 2_7.gsp.qe26 - 2_7.gsp.qe25 - 2_7.gsp.qe24 - 2_7.gsp.qe23 - 2_7.gsp.qe22 - 2_7.gsp.qe21 - 2_7.gsp.qe20 - 2_7.gsp.qe19 - 2_7.gsp.qe18 - 2_7.gsp.qe17 - 2_7.gsp.qe16 - 2_7.gsp.qe15 - 2_7.gsp.qe14 - 2_7.gsp.qe13 - 2_7.gsp.qe12 - 2_7.gsp.qe11 - 2_7.gsp.qe10 - 2_7.gsp.qe9 - 2_7.gsp.qe8 - 2_7.gsp.qe7 - 2_7.gsp.qe6 - 2_7.gsp.qe5 - 2_7.gsp.qe4 - 2_7.gsp.qe3 - 2_7.gsp.qe2 - 2_7.gsp.qe1 - 2_7.gsp.b15 = 2_7.entrance.b15
Original length 285.64m ( 40 legs), moved   4.79m ( 0.12m/leg). Error   1.68%
6.411873
H: 1.443570 V: 13.639611

2_7.gsp.stream1.1 - 2_7.gsp.stream1.0 - 2_7.gsp.qf11
Original length  13.10m (  2 legs), moved   1.77m ( 0.88m/leg). Error  13.49%
11.483054
H: 10.223081 V: 13.641855

2_7.gsp.stream1.1 - 2_7.gsp.qf12 - 2_7.gsp.qf11
Original length   6.15m (  2 legs), moved   1.88m ( 0.94m/leg). Error  30.60%
16.335523
H: 14.280293 V: 19.648778

2_7.shaft.e17 - 2_7.shaft.e16 - 2_7.shaft.e15 - 2_7.shaft.e14 - 2_7.shaft.e13 - 2_7.shaft.e12 - 2_7.shaft.e11 - 2_7.shaft.e10 - 2_7.shaft.e9 - 2_7.shaft.e8 - 2_7.shaft.e7 - 2_7.shaft.e6 - 2_7.shaft.e5 - 2_7.shaft.e4 - 2_7.shaft.e3 - 2_7.shaft.e2 - 2_7.shaft.e1 - 2_7.shaft.d33 = 2_7.entrance.d33 - 2_7.entrance.d32 - 2_7.entrance.d31 - 2_7.entrance.d30 - 2_7.entrance.d29 - 2_7.entrance.d28 - 2_7.entrance.d27 - 2_7.entrance.d26 - 2_7.entrance.d25 - 2_7.entrance.d24 - 2_7.entrance.d23 - 2_7.entrance.d22 - 2_7.entrance.d21 - 2_7.entrance.d20 - 2_7.entrance.d19 - 2_7.entrance.d18 - 2_7.entrance.d17 - 2_7.entrance.d16 - 2_7.entrance.d15 - 2_7.entrance.d14 - 2_7.entrance.d13 - 2_7.entrance.d12 - 2_7.entrance.d11 - 2_7.entrance.d10 - 2_7.entrance.d9 - 2_7.entrance.d8 - 2_7.entrance.d7 - 2_7.entrance.d6 - 2_7.entrance.d5 - 2_7.entrance.d4 - 2_7.entrance.d3 - 2_7.entrance.d2 - 2_7.entrance.d1 - 2_7.entrance.c16 - 2_7.entrance.c15 - 2_7.entrance.c14 - 2_7.entrance.c13 - 2_7.entrance.c12 - 2_7.entrance.c11 - 2_7.entrance.c10 - 2_7.entrance.c9 - 2_7.entrance.c8 - 2_7.entrance.c7 - 2_7.entrance.c6 - 2_7.entrance.c5 - 2_7.entrance.c4 - 2_7.entrance.c3 - 2_7.entrance.c2 - 2_7.entrance.c1 - 2_7.entrance.b31 - 2_7.entrance.b30 - 2_7.entrance.b29 - 2_7.entrance.b28 - 2_7.entrance.b27 - 2_7.entrance.b26 - 2_7.entrance.b25 - 2_7.entrance.b24 - 2_7.entrance.b23 - 2_7.entrance.b22 - 2_7.entrance.b21 - 2_7.entrance.b20 - 2_7.entrance.b19 - 2_7.entrance.b18 - 2_7.entrance.b17 - 
Original length 528.60m ( 81 legs), moved   8.87m ( 0.11m/leg). Error   1.68%
8.183903
H: 2.457406 V: 18.418547

2_7.shaft.e17 - 2_7.gsp.spacetrout.2 - 2_7.gsp.spacetrout.1 - 2_7.gsp.spacetrout.0 = 2_7.gsp.stream2.0 - 2_7.gsp.stream2.1 - 2_7.gsp.stream2.2 - 2_7.gsp.stream2.3 - 2_7.gsp.stream2.4 - 2_7.gsp.stream2.5 - 2_7.gsp.stream2.6 - 2_7.gsp.stream2.7 - 2_7.gsp.stream2.8 - 2_7.gsp.stream2.9 - 2_7.gsp.stream2.10 = 2_7.gsp.stream1.18 - 2_7.gsp.stream1.17 - 2_7.gsp.stream1.16 - 2_7.gsp.stream1.15 - 2_7.gsp.stream1.14 - 2_7.gsp.stream1.13 - 2_7.gsp.stream1.12 - 2_7.gsp.stream1.11 - 2_7.gsp.stream1.10 - 2_7.gsp.stream1.9 - 2_7.gsp.stream1.8 - 2_7.gsp.stream1.7 - 2_7.gsp.stream1.6 - 2_7.gsp.stream1.5 - 2_7.gsp.stream1.4 - 2_7.gsp.stream1.3 - 2_7.gsp.stream1.2 - 2_7.gsp.stream1.1
Original length 230.23m ( 30 legs), moved   3.45m ( 0.12m/leg). Error   1.50%
3.914719
H: 0.761931 V: 11.596742

2_7.justawesome.i10 - 2_7.justawesome.i9 - 2_7.justawesome.i8 - 2_7.justawesome.i7 - 2_7.justawesome.i6 - 2_7.justawesome.i5 - 2_7.justawesome.i4 - 2_7.justawesome.i3 - 2_7.justawesome.i2 - 2_7.justawesome.h14 - 2_7.justawesome.h13 - 2_7.justawesome.h12 - 2_7.justawesome.h11 - 2_7.justawesome.h10 - 2_7.justawesome.h9 - 2_7.justawesome.h8 - 2_7.justawesome.h7 - 2_7.justawesome.h6 - 2_7.justawesome.h5 - 2_7.justawesome.h4 - 2_7.justawesome.h3 - 2_7.justawesome.h2 - 2_7.justawesome.h1 - 2_7.justawesome.f16 = 2_7.shaft.f16 - 2_7.shaft.f15 - 2_7.shaft.f14 - 2_7.shaft.f13 - 2_7.shaft.f12 - 2_7.shaft.f11 - 2_7.shaft.f10 - 2_7.shaft.f9 - 2_7.shaft.f8 - 2_7.shaft.f7 - 2_7.shaft.f6 - 2_7.shaft.f5 - 2_7.shaft.f4 - 2_7.shaft.f2 - 2_7.shaft.f1 - 2_7.shaft.e17
Original length 352.40m ( 38 legs), moved   0.00m ( 0.00m/leg). Error   0.00%
0.000000
H: 0.000000 V: 0.000000

2_7.justawesome.i10 - 2_7.justawesome.i19 - 2_7.justawesome.i18 - 2_7.justawesome.i17 - 2_7.justawesome.i16 - 2_7.justawesome.i15 - 2_7.justawesome.i14 - 2_7.justawesome.i13a - 2_7.justawesome.i10
Original length 148.10m (  8 legs), moved   2.58m ( 0.32m/leg). Error   1.74%
3.680661
H: 1.211474 V: 5.227546

2_7.justawesome.i10 - 2_7.justawesome.i11 - 2_7.justawesome.i12 - 2_7.justawesome.i13
Original length  59.10m (  3 legs), moved   0.00m ( 0.00m/leg). Error   0.00%
0.000000
H: 0.000000 V: 0.000000

2_7.streamway.qb34 - 2_7.streamway.qb33 - 2_7.streamway.qb32 - 2_7.streamway.qb31 - 2_7.streamway.qb30 - 2_7.streamway.qb29 - 2_7.streamway.qb28 - 2_7.streamway.qb27 - 2_7.streamway.qb26 - 2_7.streamway.qb25 - 2_7.streamway.qb24 - 2_7.streamway.qb23 - 2_7.streamway.qb22 - 2_7.streamway.qb21 - 2_7.streamway.qb20 - 2_7.streamway.qb19 - 2_7.streamway.qb18 - 2_7.streamway.qb17 - 2_7.streamway.qb16 - 2_7.streamway.qb15 - 2_7.streamway.qb14 - 2_7.streamway.qb13 - 2_7.streamway.qb12 - 2_7.streamway.qb11 - 2_7.streamway.qb10 - 2_7.streamway.qb9 - 2_7.streamway.qb8 - 2_7.streamway.qb7 - 2_7.streamway.qb6 - 2_7.streamway.qb5 - 2_7.streamway.qb4 - 2_7.streamway.qb3 - 2_7.streamway.m40 - 2_7.streamway.m39 - 2_7.streamway.m38 - 2_7.streamway.m37 - 2_7.streamway.m36 - 2_7.streamway.m35 - 2_7.streamway.m34 - 2_7.streamway.m33 - 2_7.streamway.m32 - 2_7.streamway.m31 - 2_7.streamway.m30 - 2_7.streamway.m29 - 2_7.streamway.m28 - 2_7.streamway.m27 - 2_7.streamway.m26 - 2_7.streamway.m25 - 2_7.streamway.m24 - 2_7.streamway.m23 - 2_7.streamway.m22 - 2_7.streamway.m21 - 2_7.streamway.m20 - 2_7.streamway.m19 - 2_7.streamway.m18 - 2_7.streamway.m17 - 2_7.streamway.m16 - 2_7.streamway.m15 - 2_7.streamway.m14 - 2_7.streamway.m13 - 2_7.streamway.m12 - 2_7.streamway.m11 - 2_7.streamway.m10 - 2_7.streamway.m9 - 2_7.streamway.m8 - 2_7.streamway.m7 - 2_7.streamway.m6 - 2_7.streamway.qa1 - 2_7.streamway.qa2 - 2_7.streamway.qa3 - 2_7.streamway.qa4 - 2_7.streamway.qa5 - 2_7.streamway.qa6 - 2_7.streamway.qa7 - 2_7.streamway.qa8 - 2_7.streamway.qa9 - 2_7.streamway.qa10 - 2_7.streamway.qa11 - 2_7.streamway.qa12 - 2_7.streamway.qa13 - 2_7.streamway.qa14 - 2_7.streamway.qa15 - 2_7.streamway.qa16 - 2_7.streamway.qa17 - 2_7.streamway.qa18 - 2_7.streamway.qa19 - 2_7.streamway.qa20 - 2_7.streamway.qa21 - 2_7.streamway.qa22 - 2_7.streamway.qa23 - 2_7.streamway.qa24 - 2_7.streamway.qa25 - 2_7.streamway.j38 - 2_7.streamway.j37 - 2_7.streamway.j36 - 2_7.streamway.j35 - 2_7.streamway.j34 - 2_7.streamway.j33 - 2_7.streamway.j32 - 2_7.streamway.j31 - 2_7.streamway.j30 - 2_7.streamway.j29 - 2_7.streamway.j28 - 2_7.streamway.j27 - 2_7.streamway.j26 - 2_7.streamway.j25 - 2_7.streamway.j24 - 2_7.streamway.j23 - 2_7.streamway.j22 - 2_7.streamway.j21 - 2_7.streamway.j20 - 2_7.streamway.j19 - 2_7.streamway.j18 - 2_7.streamway.j17 - 2_7.streamway.j16 - 2_7.streamway.j15 - 2_7.streamway.j14 - 2_7.streamway.j13 - 2_7.streamway.j12 - 2_7.streamway.j11 - 2_7.streamway.j10 - 2_7.streamway.j9 - 2_7.streamway.j8 - 2_7.streamway.j7 - 2_7.streamway.j6 - 2_7.streamway.j1 - 2_7.streamway.i13 = 2_7.justawesome.i13
Original length1513.30m (126 legs), moved  11.16m ( 0.09m/leg). Error   0.74%
5.417703
H: 7.062568 V: 1.873767

2_7.lug.qg7 - 2_7.lug.qg6 - 2_7.lug.qg5 - 2_7.lug.qg4 - 2_7.lug.qg3 - 2_7.lug.qg2 - 2_7.lug.qg1 - 2_7.lug.i13 = 2_7.justawesome.i13
Original length 100.70m (  7 legs), moved   0.74m ( 0.11m/leg). Error   0.74%
1.502117
H: 1.837920 V: 0.249187

2_7.lug.qg20 - 2_7.lug.qg41 - 2_7.lug.qg42 - 2_7.lug.qg43 - 2_7.lug.qg44 - 2_7.lug.qg45 - 2_7.lug.qg46 - 2_7.lug.qg47 - 2_7.lug.qg48 - 2_7.lug.qg49 - 2_7.lug.qg50 - 2_7.lug.qg51 - 2_7.lug.qg52 - 2_7.lug.qg53 - 2_7.lug.qg54 - 2_7.lug.qg55 - 2_7.lug.qg56 - 2_7.lug.qg57 - 2_7.lug.qg58 - 2_7.lug.qg7
Original length 491.40m ( 19 legs), moved   7.58m ( 0.40m/leg). Error   1.54%
5.297198
H: 7.222054 V: 0.562458

2_7.lug.qg20 - 2_7.lug.qg21 - 2_7.lug.qg22 - 2_7.lug.qg23 - 2_7.lug.qg24 - 2_7.lug.qg25 - 2_7.lug.qg26 - 2_7.lug.qg27 - 2_7.lug.qg28 - 2_7.lug.qg29 - 2_7.lug.qg30 - 2_7.lug.qg31 - 2_7.lug.qg32 - 2_7.lug.qg33 - 2_7.lug.qg34 - 2_7.lug.qg35 - 2_7.lug.qg36 - 2_7.lug.qg37 - 2_7.lug.qg38 - 2_7.lug.qg39 - 2_7.lug.qg40 - 2_7.lug.qn17 - 2_7.lug.qn16 - 2_7.lug.qn15 - 2_7.lug.qn14 - 2_7.lug.qn13 - 2_7.lug.qn12 - 2_7.lug.qn11 - 2_7.lug.qn10 - 2_7.lug.qn9 - 2_7.lug.qn8 - 2_7.lug.qn7 - 2_7.lug.qn6 - 2_7.lug.qn5 - 2_7.lug.qn4 - 2_7.lug.qn3 - 2_7.lug.qn2 - 2_7.lug.qn1 - 2_7.lug.qn0 = 2_7.streamway.qb34
Original length 646.80m ( 38 legs), moved   4.02m ( 0.11m/leg). Error   0.62%
2.660382
H: 3.560303 V: 0.172557

2_7.lug.qg20 - 2_7.lug.qg19 - 2_7.lug.qg18 - 2_7.lug.qg17 - 2_7.lug.qg16 - 2_7.lug.qg15 - 2_7.lug.qg14 - 2_7.lug.qg13 - 2_7.lug.qg12 - 2_7.lug.qg11 - 2_7.lug.qg10 - 2_7.lug.qg9 - 2_7.lug.qg8 - 2_7.lug.qg7
Original length 353.50m ( 13 legs), moved   3.78m ( 0.29m/leg). Error   1.07%
3.082770
H: 4.101051 V: 0.917094

2_7.pp.qc7 - 2_7.pp.qk2 - 2_7.pp.qk3 - 2_7.pp.qk4 - 2_7.pp.qk5 - 2_7.pp.qk6 - 2_7.pp.qk7 - 2_7.pp.qk8 - 2_7.pp.qk9 - 2_7.pp.qk10 - 2_7.pp.qk11 - 2_7.pp.qk12 - 2_7.pp.qk13 - 2_7.pp.qk14 - 2_7.pp.qk15 - 2_7.pp.qk16 - 2_7.pp.qk17 - 2_7.pp.qk18 - 2_7.pp.qk19 - 2_7.pp.qk20 = 2_7.hack.start - 2_7.hack.temp - 2_7.hack.end = 2_7.pimpernell.qd10 - 2_7.pimpernell.qd9 = 2_7.pp.qd9 - 2_7.pp.qlink1 - 2_7.pp.qh28 - 2_7.pp.qh27 - 2_7.pp.qh26 - 2_7.pp.qh25 - 2_7.pp.qh24 - 2_7.pp.qh23 - 2_7.pp.qh22 - 2_7.pp.qh21 - 2_7.pp.qh20 - 2_7.pp.qh19 - 2_7.pp.qh18 - 2_7.pp.qh17 - 2_7.pp.qh16 - 2_7.pp.qh15 - 2_7.pp.qh14 - 2_7.pp.qh13 - 2_7.pp.qh11 - 2_7.pp.qh10 - 2_7.pp.qh8 - 2_7.pp.qh7 - 2_7.pp.qh6 - 2_7.pp.qh5 - 2_7.pp.qh4 - 2_7.pp.qh3 - 2_7.pp.qh2 - 2_7.pp.qh1 - 2_7.pp.qi9 - 2_7.pp.qi8 - 2_7.pp.qi7 - 2_7.pp.qi6 - 2_7.pp.qi5 - 2_7.pp.qi4 - 2_7.pp.qi3 - 2_7.pp.qi2 - 2_7.pp.qi1 - 2_7.pp.qc7
Original length 563.66m ( 59 legs), moved 109.30m ( 1.85m/leg). Error  19.39%
0.618389
H: 0.609429 V: 26.620061

xitu.s1.k135 - xitu.s1.k134 - xitu.s1.k133 - xitu.s1.k132 - xitu.s1.j129 - xitu.s1.j128 - xitu.s1.j127 - xitu.s1.j126 - xitu.s1.j125 - xitu.s1.j124 - xitu.s1.j123 - xitu.s1.j122 - xitu.s1.j121 - xitu.s1.j120 - xitu.s1.j119 - xitu.s1.j118 - xitu.s1.j117 - xitu.s1.j116 - xitu.s1.j115 - xitu.s1.j114 - xitu.s1.j113 - xitu.s1.j112 - xitu.s1.j111 - xitu.s1.j110 - xitu.s1.j109 - xitu.s1.j108 - xitu.s1.j107 - xitu.s1.j106 - xitu.s1.j105 - xitu.s1.j104 - xitu.s1.j103 - xitu.s1.j102 - xitu.s1.i60 - xitu.s1.i59 - xitu.s1.i58 - xitu.s1.i57 - xitu.s1.i56 - xitu.s1.i55 - xitu.s1.i54 - xitu.s1.i53 - xitu.s1.i52 - xitu.s1.i51 - xitu.s1.i50 - xitu.s1.i49 - xitu.s1.i48 - xitu.s1.i47 - xitu.s1.i46 - xitu.s1.i45 - xitu.s1.i44 - xitu.s1.i43 - xitu.s1.i42 - xitu.s1.i41 - xitu.s1.i40 - xitu.s1.i39 - xitu.s1.i38 - xitu.s1.i37 - xitu.s1.i36 - xitu.s1.i35 - xitu.s1.i34 - xitu.s1.i33 - xitu.s1.i32 - xitu.s1.i31 - xitu.s1.i30 - xitu.s1.i29 - xitu.s1.i28 - xitu.s1.i27 - xitu.s1.i26 - xitu.s1.i25 - xitu.s1.i24 - xitu.s1.i23 - xitu.s1.i22 - xitu.s1.i21 - xitu.s1.i20 - xitu.s1.i19 - xitu.s1.i18 - xitu.s1.i17 - xitu.s1.i16 - xitu.s1.i15 - xitu.s1.i14 - xitu.s1.i13 - xitu.s1.i12 - xitu.s1.i11 - xitu.s1.i10 - xitu.s1.i9 - xitu.s1.i8 - xitu.s1.i7 - xitu.s1.i6 - xitu.s1.i5 - xitu.s1.i4 - xitu.s1.i3 - xitu.s1.i2 - xitu.s1.h44 - xitu.s1.h43 - xitu.s1.h42 - xitu.s1.h41 - xitu.s1.h40 - xitu.s1.h39 - xitu.s1.h38 - xitu.s1.h37 - xitu.s1.h36 - xitu.s1.h35 - xitu.s1.h34 - xitu.s1.h33 - xitu.s1.h32 - xitu.s1.h31 - xitu.s1.h30 - xitu.s1.h29 - xitu.s1.h28 - xitu.s1.h27 - xitu.s1.h26 - xitu.s1.h25 - xitu.s1.h24 - xitu.s1.h23 - xitu.s1.h22 - xitu.s1.h21 - xitu.s1.h20 - xitu.s1.h19 - xitu.s1.h18 - xitu.s1.h17 - xitu.s1.h16 - xitu.s1.h15 - xitu.s1.h14 - xitu.s1.h13 - xitu.s1.h12 - xitu.s1.h11 - xitu.s1.h10 - xitu.s1.h9 - xitu.s1.h8 - xitu.s1.h7 - xitu.s1.h6 - xitu.s1.h5 - xitu.s1.h4 - xitu.s1.h3 - xitu.s1.h2 - xitu.s1.h1 - xitu.s1.g58 - xitu.s1.g57 - xitu.s1.g56 - xitu.s1.g55 - xitu.s1.g54 - xitu.s1.g53 - xitu.s1.g52 - xitu.s1.g51 - xitu.s1.g50 - xitu.s1.g49 - xitu.s1.g48 - xitu.s1.g47 - xitu.s1.g46 - xitu.s1.g45 - xitu.s1.g44 - xitu.s1.g43 - xitu.s1.g42 - xitu.s1.g41 - xitu.s1.g40 - xitu.s1.g39 - xitu.s1.g38 - xitu.s1.g37 - xitu.s1.g36 - xitu.s1.g35 - xitu.s1.g34 - xitu.s1.g33 - xitu.s1.g32 - xitu.s1.g31 - xitu.s1.g30 - xitu.s1.f27 - xitu.s1.f26 - xitu.s1.f25 - xitu.s1.f24 - xitu.s1.f23 - xitu.s1.f22 - xitu.s1.f21 - xitu.s1.f20 - xitu.s1.f19 - xitu.s1.f18 - xitu.s1.f17 - xitu.s1.f16 - xitu.s1.e9 - xitu.s1.e8 - xitu.s1.d6 - xitu.s1.d5 - xitu.s1.d4 - xitu.s1.d3 - xitu.s1.d2 - xitu.s1.c27 - xitu.s1.c26 - xitu.s1.c25 - xitu.s1.c24 - xitu.s1.c23 - xitu.s1.c22 - xitu.s1.c21 - xitu.s1.b12 - xitu.s1.b11 - xitu.s1.b10 - xitu.s1.b9 - xitu.s1.b8 - xitu.s1.b7 - xitu.s1.b6 - xitu.s1.b5 - xitu.s1.b4 - xitu.s1.b3 - xitu.s1.b2 - xitu.s1.b1 - xitu.s1.start
Original length1330.70m (202 legs), moved  29.16m ( 0.14m/leg). Error   2.19%
17.638156
H: 22.064861 V: 2.694461

xitu.cistra.41 - xitu.cistra.40 - xitu.cistra.39 - xitu.cistra.entrance
Original length  25.90m (  3 legs), moved   0.22m ( 0.07m/leg). Error   0.85%
1.157745
H: 1.358119 V: 0.237916

xitu.cistra.45 - xitu.cistra.207 - xitu.cistra.206 - xitu.cistra.205 - xitu.cistra.203 - xitu.cistra.204 - xitu.cistra.42 - xitu.cistra.41
Original length  26.15m (  7 legs), moved   3.35m ( 0.48m/leg). Error  12.83%
15.606338
H: 16.734085 V: 13.832319

xitu.cistra.45 - xitu.cistra.44 - xitu.cistra.43 - xitu.cistra.41
Original length  11.20m (  3 legs), moved   1.19m ( 0.40m/leg). Error  10.67%
8.604189
H: 10.136716 V: 5.942818

xitu.cistra.53 - xitu.cistra.52 - xitu.cistra.51 - xitu.cistra.50 - xitu.cistra.49 - xitu.cistra.48 - xitu.cistra.47 - xitu.cistra.46 - xitu.cistra.45
Original length  67.60m (  8 legs), moved   0.36m ( 0.04m/leg). Error   0.53%
1.014911
H: 1.051228 V: 0.857935

xitu.cistra.54 - xitu.cistra.55 - xitu.cistra.56 - xitu.cistra.57 - xitu.cistra.58 - xitu.cistra.59 - xitu.cistra.60 - xitu.cistra.61 - xitu.cistra.62 - xitu.cistra.63 - xitu.cistra.64 - xitu.cistra.65 - xitu.cistra.66 - xitu.cistra.67 - xitu.cistra.68 - xitu.cistra.69 - xitu.cistra.70 - xitu.cistra.71 - xitu.cistra.72 - xitu.cistra.73 - xitu.cistra.74 - xitu.cistra.75 - xitu.cistra.76 - xitu.cistra.77 - xitu.cistra.78 - xitu.cistra.79 - xitu.cistra.80 - xitu.cistra.81 - xitu.cistra.82 - xitu.cistra.83 - xitu.cistra.84 - xitu.cistra.85 - xitu.cistra.86 - xitu.cistra.87 - xitu.cistra.88 - xitu.cistra.89 - xitu.cistra.90 - xitu.cistra.91 - xitu.cistra.92 - xitu.cistra.93 - xitu.cistra.94 - xitu.cistra.95 - xitu.cistra.96 - xitu.cistra.97 - xitu.cistra.98 - xitu.cistra.99 - xitu.cistra.100 - xitu.cistra.101 - xitu.cistra.102 - xitu.cistra.103 - xitu.cistra.104 - xitu.cistra.105 - xitu.cistra.106 - xitu.cistra.107 - xitu.cistra.108 - xitu.cistra.109 - xitu.cistra.110 - xitu.cistra.111 - xitu.cistra.112 - xitu.cistra.113 - xitu.cistra.114 - xitu.cistra.115 - xitu.cistra.116 - xitu.cistra.117 - xitu.cistra.118 - xitu.cistra.119 - xitu.cistra.120 - xitu.cistra.121 - xitu.cistra.122 - xitu.cistra.123 - xitu.cistra.124 - xitu.cistra.125 - xitu.cistra.126 - xitu.cistra.127 - xitu.cistra.128 - xitu.cistra.129 - xitu.cistra.130 - xitu.cistra.131 - xitu.cistra.132 - xitu.cistra.133 - xitu.cistra.134 - xitu.cistra.135 - xitu.cistra.136 - xitu.cistra.137 - xitu.cistra.138 - xitu.cistra.139 - xitu.cistra.140 - xitu.cistra.141 - xitu.cistra.142 - xitu.cistra.143 - xitu.cistra.144 - xitu.cistra.145 - xitu.cistra.146 - xitu.cistra.147 - xitu.cistra.148 - xitu.cistra.149 - xitu.cistra.150 - xitu.cistra.151 - xitu.cistra.152 - xitu.cistra.153 - xitu.cistra.154 - xitu.cistra.155 - xitu.cistra.156 - xitu.cistra.157 - xitu.cistra.158 - xitu.cistra.159 - xitu.cistra.160 - xitu.cistra.161 - xitu.cistra.162 - xitu.cistra.163 - xitu.cistra.164 - xitu.cistra.165 - xitu.cistra.166 - xitu.cistra.167 - xitu.cistra.168 - xitu.cistra.169 - xitu.cistra.170 - xitu.cistra.171 - xitu.cistra.172 - xitu.cistra.173 - xitu.cistra.174 - xitu.cistra.175 - xitu.cistra.176 - xitu.cistra.177 - xitu.cistra.178 - xitu.cistra.179 - xitu.cistra.180 - xitu.cistra.181 - xitu.cistra.182 - xitu.cistra.183 - xitu.cistra.184 - xitu.cistra.185 - xitu.cistra.186 - xitu.cistra.187 - xitu.cistra.188 - xitu.cistra.189 - xitu.cistra.190 - xitu.cistra.191 - xitu.cistra.192 - xitu.cistra.193 - xitu.cistra.194 - xitu.cistra.222 - xitu.cistra.223 - xitu.cistra.224 - xitu.cistra.225 - xitu.cistra.226 - xitu.cistra.227 - xitu.cistra.228 - xitu.cistra.229 - xitu.cistra.230 - xitu.cistra.231 - xitu.cistra.232 - xitu.cistra.233 - xitu.cistra.234 - xitu.cistra.235 - xitu.cistra.236 - xitu.cistra.237 - xitu.cistra.238 - xitu.cistra.239 - xitu.cistra.240 - xitu.cistra.241 - xitu.cistra.242 - xitu.cistra.243 - xitu.cistra.244 - xitu.cistra.245 - xitu.cistra.246 - xitu.cistra.247 - xitu.cistra.248 - xitu.cistra.249 - xitu.cistra.250 - xitu.cistra.251 - xitu.cistra.252 - xitu.cistra.253 - xitu.cistra.254 - xitu.cistra.255 - xitu.cistra.256 - xitu.cistra.257 - xitu.cistra.258 - xitu.cistra.259 - xitu.cistra.260 - xitu.cistra.261 - xitu.cistra.262 - xitu.cistra.263 - xitu.cistra.264 - xitu.cistra.xituconnection = xitu.s1.o248 - xitu.s1.o247 - xitu.s1.o246 - xitu.s1.o245 - xitu.s1.o244 - xitu.s1.o243 - xitu.s1.o242 - xitu.s1.o241 - xitu.s1.o240 - xitu.s1.o239 - xitu.s1.o238 - xitu.s1.o237 - xitu.s1.o236 - xitu.s1.o235 - xitu.s1.o234 - xitu.s1.o233 - xitu.s1.o232 - xitu.s1.o231 - xitu.s1.o230 - xitu.s1.o229 - xitu.s1.o228 - xitu.s1.o227 - xitu.s1.o226 - xitu.s1.o225 - xitu.s1.o224 - xitu.s1.o223 - xitu.s1.o222 - xitu.s1.o221 - xitu.s1.o220 - xitu.s1.o219 - xitu.s1.o218 - xitu.s1.o217 - xitu.s1.o216 - xitu.s1.o215 - xitu.s1.o214 - xitu.s1.o213 - xitu.s1.o212 - xitu.s1.o211 - xitu.s1.o210 - xitu.s1.o209 - xitu.s1.o208 - xitu.s1.o207 - xitu.s1.o206 - xitu.s1.o205 - xitu.s1.o204 - xitu.s1.o203 - xitu.s1.o202 - xitu.s1.o201 - xitu.s1.o200 - xitu.s1.o199 - xitu.s1.o198 - xitu.s1.o197 - xitu.s1.o196 - xitu.s1.o195 - xitu.s1.o194 - xitu.s1.o193 - xitu.s1.o192 - xitu.s1.o191 - xitu.s1.o190 - xitu.s1.o189 - xitu.s1.o188 - xitu.s1.o187 - xitu.s1.o186 - xitu.s1.o185 - xitu.s1.o184 - xitu.s1.o183 - xitu.s1.o182 - xitu.s1.o181 - xitu.s1.o180 - xitu.s1.o179 - xitu.s1.o178 - xitu.s1.o177 - xitu.s1.o176 - xitu.s1.n174 - xitu.s1.n173 - xitu.s1.n172 - xitu.s1.m166 - xitu.s1.m165 - xitu.s1.m164 - xitu.s1.m163 - xitu.s1.m162 - xitu.s1.l160 - xitu.s1.l159 - xitu.s1.l158 - xitu.s1.l157 - xitu.s1.l156 - xitu.s1.l155 - xitu.s1.l154 - xitu.s1.l153 - xitu.s1.l152 - xitu.s1.l151 - xitu.s1.l150 - xitu.s1.l149 - xitu.s1.l148 - xitu.s1.l147 - xitu.s1.l146 - xitu.s1.l145 - xitu.s1.l144 - xitu.s1.l143 - xitu.s1.l142 - xitu.s1.k137 - xitu.s1.k136 - xitu.s1.k135
Original length2171.91m (286 legs), moved  31.88m ( 0.11m/leg). Error   1.47%
14.877124
H: 17.714815 V: 2.290272

xitu.cistra.54 - xitu.cistra.303 - xitu.cistra.302 - xitu.cistra.301 - xitu.cistra.330 - xitu.cistra.331 - xitu.cistra.332 - xitu.cistra.53
Original length  35.13m (  7 legs), moved   2.95m ( 0.42m/leg). Error   8.40%
11.909257
H: 0.327138 V: 22.838369

xitu.caracoles.ent.14 - xitu.caracoles.ent.a1 - xitu.caracoles.ent.a2 - xitu.caracoles.ent.a3 - xitu.caracoles.ent.a4 - xitu.caracoles.ent.a5 - xitu.caracoles.ent.a6 - xitu.caracoles.ent.a7 - xitu.caracoles.ent.a8 - xitu.caracoles.ent.a9 - xitu.caracoles.ent.a10 - xitu.caracoles.ent.a11 - xitu.caracoles.ent.a12 - xitu.caracoles.ent.b1a - xitu.caracoles.ent.b2 - xitu.caracoles.ent.b3 - xitu.caracoles.ent.b4 - xitu.caracoles.ent.b5 - xitu.caracoles.ent.b6 - xitu.caracoles.ent.b7 - xitu.caracoles.ent.b8 - xitu.caracoles.ent.b9 - xitu.caracoles.ent.b10 - xitu.caracoles.ent.b11 - xitu.caracoles.ent.b12 - xitu.caracoles.ent.b13 - xitu.caracoles.ent.b14 - xitu.caracoles.ent.b15 - xitu.caracoles.ent.b16 - xitu.caracoles.ent.b17 - xitu.caracoles.ent.b18 - xitu.caracoles.ent.b19 - xitu.caracoles.ent.b20 - xitu.caracoles.ent.b21 - xitu.caracoles.ent.b22 - xitu.caracoles.ent.b23 - xitu.caracoles.ent.c2 - xitu.caracoles.ent.c3 - xitu.caracoles.ent.c4 - xitu.caracoles.ent.c5 - xitu.caracoles.ent.c6 - xitu.caracoles.ent.c7 - xitu.caracoles.ent.c8 - xitu.caracoles.ent.c9 - xitu.caracoles.ent.c10 - xitu.caracoles.ent.c11 - xitu.caracoles.ent.c12 - xitu.caracoles.ent.c13 - xitu.caracoles.ent.c14 - xitu.caracoles.ent.c15 = xitu.caracoles.wingnut.c15 - xitu.caracoles.wingnut.b2 - xitu.caracoles.wingnut.b3 - xitu.caracoles.wingnut.b4 - xitu.caracoles.wingnut.b5 - xitu.caracoles.wingnut.b6 - xitu.caracoles.wingnut.b7 - xitu.caracoles.wingnut.b8 - xitu.caracoles.wingnut.b9 - xitu.caracoles.wingnut.b10 - xitu.caracoles.wingnut.b11 - xitu.caracoles.wingnut.b12 - xitu.caracoles.wingnut.b13 - xitu.caracoles.wingnut.b14 - xitu.caracoles.wingnut.b15 - xitu.caracoles.wingnut.b16 - xitu.caracoles.wingnut.b17 - xitu.caracoles.wingnut.b18 - xitu.caracoles.wingnut.b19 - xitu.caracoles.wingnut.b20 - xitu.caracoles.wingnut.b21 - xitu.caracoles.wingnut.b22 - xitu.caracoles.wingnut.b23 - xitu.caracoles.wingnut.b24 - xitu.caracoles.wingnut.b25 - xitu.caracoles.wingnut.b26 - xitu.caracoles.wingnut.b27 - xitu.caracoles.wingnut.b28 - xitu.caracoles.wingnut.b29 - xitu.caracoles.wingnut.xitu.k135 = xitu.s1.k135
Original length 400.21m ( 78 legs), moved  15.23m ( 0.20m/leg). Error   3.80%
16.856345
H: 19.732876 V: 0.249278

can.rift.14 - can.rift.15 - can.rift.16 - can.rift.17 - can.rift.18 - can.rift.19 - can.rift.20 - can.rift.21 = can.main.9 - can.main.8 - can.main.7 - can.main.6 - can.main.5 - can.main.4 - can.main.3 - can.main.2 - can.main.1 - can.main.0 - can.main.s
Original length 316.60m ( 17 legs), moved   0.00m ( 0.00m/leg). Error   0.00%
0.000000
H: 0.000000 V: 0.000000

can.rift.14 - can.rift.13 - can.rift.12 - can.rift.11 - can.rift.10 - can.rift.9 = can.gerbil2.18 - can.gerbil2.17 - can.gerbil2.16 - can.gerbil2.15 - can.gerbil2.14 - can.gerbil2.13 - can.gerbil2.5 - can.gerbil2.4 - can.gerbil2.3 - can.gerbil2.2 - can.gerbil2.1 = can.rift.14
Original length  65.91m ( 15 legs), moved   0.63m ( 0.04m/leg). Error   0.95%
1.807239
H: 1.846851 V: 1.731970

f64.a.21 - f64.b.1 - f64.b.2 - f64.b.3 - f64.b.4 - f64.b.5 - f64.b.6 - f64.b.7 - f64.b.8 - f64.b.9 - f64.b.10 = f64.d.0 - f64.d.1 - f64.d.2 - f64.d.3 - f64.d.4 - f64.d.5 - f64.d.6 - f64.d.7 - f64.d.8 - f64.d.11 = f64.m12 - f64.m11 - f64.m10 - f64.m9 - f64.m8 - f64.m7 - f64.m6 - f64.m5 - f64.m4 - f64.m3 - f64.m2 - f64.m1 = f64.a.21
Original length 186.53m ( 30 legs), moved   4.90m ( 0.16m/leg). Error   2.63%
8.416057
H: 8.904489 V: 7.292229

f64.a.21 - f64.a.20 - f64.a.19 - f64.a.18 - f64.a.17 - f64.a.16 - f64.a.15 - f64.a.14 - f64.a.13 - f64.a.12 - f64.a.11 - f64.a.10 - f64.a.9 - f64.a.8 - f64.a.7 - f64.a.6 - f64.a.5 - f64.a.4 - f64.a.3 - f64.a.2 - f64.a.1
Original length 190.62m ( 20 legs), moved   0.00m ( 0.00m/leg). Error   0.00%
0.000000
H: 0.000000 V: 0.000000

c3c4.c3.94.vamos.8 - c3c4.c3.94.vamos.7 - c3c4.c3.94.vamos.6 - c3c4.c3.94.vamos.5 - c3c4.c3.94.vamos.4 - c3c4.c3.94.vamos.3 - c3c4.c3.94.vamos.2 = c3c4.c3.94.65p.32 - c3c4.c3.94.65p.31 - c3c4.c3.94.65p.30 - c3c4.c3.94.65p.37 - c3c4.c3.94.65p.38 - c3c4.c3.94.65p.39 - c3c4.c3.94.65p.24 - c3c4.c3.94.65p.23 - c3c4.c3.94.65p.22 - c3c4.c3.94.65p.21 - c3c4.c3.94.65p.20 - c3c4.c3.94.65p.19 - c3c4.c3.94.65p.18 - c3c4.c3.94.65p.17 - c3c4.c3.94.65p.16 - c3c4.c3.94.65p.15 - c3c4.c3.94.65p.14 - c3c4.c3.94.65p.13 - c3c4.c3.94.65p.12 - c3c4.c3.94.65p.11 - c3c4.c3.94.65p.10 - c3c4.c3.94.65p.9 - c3c4.c3.94.65p.8 - c3c4.c3.94.65p.7 - c3c4.c3.94.65p.6 - c3c4.c3.94.65p.5 - c3c4.c3.94.65p.4 - c3c4.c3.94.65p.3 - c3c4.c3.94.65p.2 - c3c4.c3.94.65p.1 - c3c4.c3.94.65p.1a = c3c4.c3.94.4d.16 - c3c4.c3.94.4d.15 - c3c4.c3.94.4d.14 - c3c4.c3.94.4d.13 - c3c4.c3.94.4d.12 - c3c4.c3.94.4d.11 - c3c4.c3.94.4d.10 - c3c4.c3.94.4d.9 - c3c4.c3.94.4d.8 - c3c4.c3.94.4d.7 - c3c4.c3.94.4d.6 - c3c4.c3.94.4d.5 - c3c4.c3.94.4d.4 - c3c4.c3.94.4d.3 - c3c4.c3.94.4d.2 - c3c4.c3.94.4d.1 = c3c4.c3.94.anette.14 - c3c4.c3.94.anette.13 - c3c4.c3.94.anette.12 - c3c4.c3.94.anette.11 - c3c4.c3.94.anette.10 - c3c4.c3.94.anette.9 - c3c4.c3.94.anette.8 - c3c4.c3.94.anette.7 - c3c4.c3.94.anette.6 - c3c4.c3.94.anette.5 - c3c4.c3.94.anette.4 - c3c4.c3.94.anette.3 - c3c4.c3.94.anette.2 - c3c4.c3.94.anette.1 = c3c4.c3.94.pina.10 - c3c4.c3.94.pina.9 - c3c4.c3.94.pina.8 - c3c4.c3.94.pina.7 - c3c4.c3.94.pina.6 - c3c4.c3.94.pina.5 - c3c4.c3.94.pina.4 - c3c4.c3.94.pina.3 - c3c4.c3.94.pina.2 - c3c4.c3.94.pina.1 = c3c4.c3.94.vacuum.41 - c3c4.c3.94.vacuum.40 - c3c4.c3.94.vacuum.39 - c3c4.c3.94.vacuum.38 - c3c4.c3.94.vacuum.37 - c3c4.c3.94.vacuum.36 - c3c4.c3.94.vacuum.35 - c3c4.c3.94.vacuum.34 - c3c4.c3.94.vacuum.33 - c3c4.c3.94.vacuum.32 - c3c4.c3.94.vacuum.31 - c3c4.c3.94.vacuum.30 - c3c4.c3.94.vacuum.29 - c3c4.c3.94.vacuum.28 - c3c4.c3.94.vacuum.27 - c3c4.c3.94.vacuum.26 - c3c4.c3.94.vacuum.25 - c3c4.c3.94.vacuum.24 = c3c4.c3.94.entrance.24 - c3c4.c3.94.entrance.23 - c3c4.c3.94.entrance.22 - c3c4.c3.94.entrance.21 - c3c4.c3.94.entrance.20 - c3c4.c3.94.entrance.19 - c3c4.c3.94.entrance.18 - c3c4.c3.94.entrance.17 - c3c4.c3.94.entrance.16 - c3c4.c3.94.entrance.15 - c3c4.c3.94.entrance.14 - c3c4.c3.94.entrance.13 - c3c4.c3.94.entrance.12 - c3c4.c3.94.entrance.11 - c3c4.c3.94.entrance.10 - c3c4.c3.94.entrance.9 - c3c4.c3.94.entrance.8 - c3c4.c3.94.entrance.7 - c3c4.c3.94.entrance.6 - c3c4.c3.94.entrance.5 - c3c4.c3.94.entrance.4 - c3c4.c3.94.entrance.3 - c3c4.c3.94.entrance.2 - c3c4.c3.94.entrance.1 = c3c4.c3.entrance - c3c4.c3gps
Original length 743.20m (114 legs), moved  19.53m ( 0.17m/leg). Error   2.63%
17.144970
H: 16.950065 V: 17.649570

c3c4.c3.94.vamos.19 - c3c4.c3.94.bvamos.1 - c3c4.c3.94.bvamos.2 - c3c4.c3.94.bvamos.3 - c3c4.c3.94.bvamos.4 - c3c4.c3.94.bvamos.5 - c3c4.c3.94.bvamos.6 - c3c4.c3.94.bvamos.7 - c3c4.c3.94.bvamos.8 - c3c4.c3.94.bvamos.9 - c3c4.c3.94.bvamos.10 - c3c4.c3.94.bvamos.11 - c3c4.c3.94.bvamos.12 - c3c4.c3.94.bvamos.13 - c3c4.c3.94.bvamos.14 - c3c4.c3.94.bvamos.15 - c3c4.c3.94.bvamos.16 - c3c4.c3.94.bvamos.17 - c3c4.c3.94.bvamos.18 - c3c4.c3.94.bvamos.19 - c3c4.c3.94.bvamos.20 = c3c4.c3.94.bvamos2.1 - c3c4.c3.94.bvamos2.2 - c3c4.c3.94.bvamos2.3 - c3c4.c3.94.bvamos2.4 - c3c4.c3.94.bvamos2.5 - c3c4.c3.94.bvamos2.6 - c3c4.c3.94.bvamos2.7 - c3c4.c3.94.bvamos2.8 - c3c4.c3.94.bvamos2.9 = c3c4.c3.94.enter.1a - c3c4.c3.94.enter.1 - c3c4.c3.94.enter.2 - c3c4.c3.94.enter.3 - c3c4.c3.94.enter.4 - c3c4.c3.94.enter.5 - c3c4.c3.94.enter.6 - c3c4.c3.94.enter.7 - c3c4.c3.94.enter.8 - c3c4.c3.94.enter.9 - c3c4.c3.94.enter.10 - c3c4.c3.94.enter.11 - c3c4.c3.94.enter.12 - c3c4.c3.94.enter.13 - c3c4.c3.94.enter.14 - c3c4.c3.94.enter.15 - c3c4.c3.94.enter.16 - c3c4.c3.94.enter.17 - c3c4.c3.94.enter.18 - c3c4.c3.94.enter.19 = c3c4.c3.94.meat.1a - c3c4.c3.94.meat.1 - c3c4.c3.94.meat.2 - c3c4.c3.94.meat.3 - c3c4.c3.94.meat.4 - c3c4.c3.94.meat.5 - c3c4.c3.94.meat.6 - c3c4.c3.94.meat.7 - c3c4.c3.94.meat.8 - c3c4.c3.94.meat.9 - c3c4.c3.94.meat.10 - c3c4.c3.94.meat.11 - c3c4.c3.94.meat.12 - c3c4.c3.94.meat.13 - c3c4.c3.94.meat.14 - c3c4.c3.94.meat.15 - c3c4.c3.94.meat.16 - c3c4.c3.94.meat.17 - c3c4.c3.94.meat.18 - c3c4.c3.94.meat.19 - c3c4.c3.94.meat.20 - c3c4.c3.94.meat.21 - c3c4.c3.94.meat.22 - c3c4.c3.94.meat.23 - c3c4.c3.94.meat.24 = c3c4.c3.94.kling.1a - c3c4.c3.94.kling.1 - c3c4.c3.94.kling.2 - c3c4.c3.94.kling.3 - c3c4.c3.94.kling.4 - c3c4.c3.94.kling.5 - c3c4.c3.94.kling.6 - c3c4.c3.94.kling.7 - c3c4.c3.94.kling.8 = c3c4.c3.95.klingon.1 - c3c4.c3.95.klingon.2 - c3c4.c3.95.klingon.4 - c3c4.c3.95.klingon.5 - c3c4.c3.95.klingon.6 - c3c4.c3.95.klingon.7 - c3c4.c3.95.klingon.8 - c3c4.c3.95.klingon.9 - c3c4.c3.95.klingon.10 = c3c4.c3.95.dgener.1 - c3c4.c3.95.dgener.2 - c3c4.c3.95.dgener.3 - c3c4.c3.95.dgener.4 - c3c4.c3.95.dgener.5 - c3c4.c3.95.dgener.6 - c3c4.c3.95.dgener.7 - c3c4.c3.95.dgener.8 - c3c4.c3.95.dgener.9 - c3c4.c3.95.dgener.10 - c3c4.c3.95.dgener.11 - c3c4.c3.95.dgener.12 - c3c4.c3.95.dgener.13 - c3c4.c3.95.dgener.14 - c3c4.c3.95.dgener.15 - c3c4.c3.95.dgener.16 - c3c4.c3.95.dgener.17 - c3c4.c3.95.dgener.18 - c3c4.c3.95.dgener.19 - c3c4.c3.95.dgener.20 = c3c4.c3.95.dgener2.29 - c3c4.c3.95.dgener2.28 - c3c4.c3.95.dgener2.27 - c3c4.c3.95.dgener2.26 - c3c4.c3.95.dgener2.25 - c3c4.c3.95.dgener2.24 - c3c4.c3.95.dgener2.23 - c3c4.c3.95.dgener2.22 - c3c4.c3.95.dgener2.21 - c3c4.c3.95.dgener2.20 - c3c4.c3.95.dgener2.19 - c3c4.c3.95.dgener2.18 - c3c4.c3.95.dgener2.17 - c3c4.c3.95.dgener2.16 - c3c4.c3.95.dgener2.15 - c3c4.c3.95.dgener2.14 - c3c4.c3.95.dgener2.13 - c3c4.c3.95.dgener2.12 - c3c4.c3.95.dgener2.11 - c3c4.c3.95.dgener2.10 - c3c4.c3.95.dgener2.9 - c3c4.c3.95.dgener2.8 - c3c4.c3.95.dgener2.7 - c3c4.c3.95.dgener2.6 - c3c4.c3.95.dgener2.5 - c3c4.c3.95.dgener2.4 - c3c4.c3.95.dgener2.3 = c3c4.c3.95.walter.4a - c3c4.c3.95.walter.3a - c3c4.c3.95.walter.2a - c3c4.c3.95.walter.1a - c3c4.c3.95.walter.a - c3c4.c3.95.walter.1 - c3c4.c3.95.walter.2 - c3c4.c3.95.walter.3 - c3c4.c3.95.walter.4 - c3c4.c3.95.walter.5 - c3c4.c3.95.walter.6 - c3c4.c3.95.walter.7 - c3c4.c3.95.walter.8 - c3c4.c3.95.walter.9 - c3c4.c3.95.walter.10 - c3c4.c3.95.walter.11 - c3c4.c3.95.walter.12 - c3c4.c3.95.walter.13 - c3c4.c3.95.walter.14 = c3c4.c3.95.burger.1 - c3c4.c3.95.burger.2 - c3c4.c3.95.burger.3 - c3c4.c3.95.burger.4 - c3c4.c3.95.burger.5 - c3c4.c3.95.burger.6 - c3c4.c3.95.burger.7 - c3c4.c3.95.burger.8 - c3c4.c3.95.burger.9 = c3c4.c3.95.3inboat.9 - c3c4.c3.95.3inboat.8 - c3c4.c3.95.3inboat.7 - c3c4.c3.95.3inboat.6 - c3c4.c3.95.3inboat.5 - c3c4.c3.95.3inboat.4 - c3c4.c3.95.3inboat.3 - c3c4.c3.95.3inboat.2 - c3c4.c3.95.3inboat.1 = c3c4.c3.95.boys.14 - c3c4.c3.95.boys.13 - c3c4.c3.95.boys.12 - c3c4.c3.95.boys.11 - c3c4.c3.95.boys.10 - c3c4.c3.95.boys.9 - c3c4.c3.95.boys.8 - c3c4.c3.95.boys.7 - c3c4.c3.95.boys.6 - c3c4.c3.95.boys.5 - c3c4.c3.95.boys.4 - c3c4.c3.95.boys.3 - c3c4.c3.95.boys.2 - c3c4.c3.95.boys.1 = c3c4.c3.95.overdrive.36 - c3c4.c3.95.overdrive.35 - c3c4.c3.95.overdrive.34 - c3c4.c3.95.overdrive.33 - c3c4.c3.95.overdrive.32 - c3c4.c3.95.overdrive.31 - c3c4.c3.95.overdrive.30 - c3c4.c3.95.overdrive.29 - c3c4.c3.95.overdrive.28 - c3c4.c3.95.overdrive.27 - c3c4.c3.95.overdrive.26 - c3c4.c3.95.overdrive.25 - c3c4.c3.95.overdrive.24 = c3c4.c3.95.upstream.1 - c3c4.c3.95.upstream.2 - c3c4.c3.95.upstream.3 - c3c4.c3.95.upstream.4 - c3c4.c3.95.upstream.5 - c3c4.c3.95.upstream.6 - c3c4.c3.95.upstream.7 - c3c4.c3.95.upstream.8 - c3c4.c3.95.upstream.9 - c3c4.c3.95.upstream.10 - c3c4.c3.95.upstream.11 - c3c4.c3.95.upstream.12 - c3c4.c3.95.upstream.13 - c3c4.c3.95.upstream.14 = c3c4.c3.95.upstream2.1 - c3c4.c3.95.upstream2.4 - c3c4.c3.95.upstream2.5 - c3c4.c3.95.upstream2.6 - c3c4.c3.95.upstream2.7 - c3c4.c3.95.upstream2.8 - c3c4.c3.95.upstream2.9 - c3c4.c3.95.upstream2.10 - c3c4.c3.95.upstream2.11 - c3c4.c3.95.upstream2.12 - c3c4.c3.95.upstream2.13 - c3c4.c3.95.upstream2.14 - c3c4.c3.95.upstream2.15 - c3c4.c3.95.upstream2.16 - c3c4.c3.95.upstream2.17 - c3c4.c3.95.upstream2.20 - c3c4.c3.95.upstream2.21 - c3c4.c3.95.upstream2.23 - c3c4.c3.95.upstream2.24 - c3c4.c3.95.upstream2.25 - c3c4.c3.95.upstream2.26 - c3c4.c3.95.upstream2.27 - c3c4.c3.95.upstream2.28 - c3c4.c3.95.upstream2.29 - c3c4.c3.95.upstream2.30 = c3c4.c4.h.1 - c3c4.c4.h.2 - c3c4.c4.h.3 - c3c4.c4.h.4 - c3c4.c4.h.5 - c3c4.c4.h.6 - c3c4.c4.h.7 - c3c4.c4.h.8 - c3c4.c4.h.9 - c3c4.c4.h.10 - c3c4.c4.h.11 - c3c4.c4.h.12 - c3c4.c4.h.13 - c3c4.c4.h.14 - c3c4.c4.h.15 - c3c4.c4.h.16 - c3c4.c4.h.17 - c3c4.c4.h.18 - c3c4.c4.h.19 - c3c4.c4.h.20 - c3c4.c4.h.21 - c3c4.c4.h.22 - c3c4.c4.h.23 - c3c4.c4.h.24 - c3c4.c4.h.25 = c3c4.c4.g.21 - c3c4.c4.g.20 - c3c4.c4.g.19 - c3c4.c4.g.18 - c3c4.c4.g.17 - c3c4.c4.g.16 - c3c4.c4.g.15 - c3c4.c4.g.14 - c3c4.c4.g.13 - c3c4.c4.g.12 - c3c4.c4.g.11 - c3c4.c4.g.10 - c3c4.c4.g.9 - c3c4.c4.g.8 - c3c4.c4.g.7 - c3c4.c4.g.6 - c3c4.c4.g.5 - c3c4.c4.g.4 - c3c4.c4.g.3 - c3c4.c4.g.2 - c3c4.c4.g.1 = c3c4.c4.f.10 - c3c4.c4.f.9 - c3c4.c4.f.8 - c3c4.c4.f.7 - c3c4.c4.f.6 - c3c4.c4.f.5 - c3c4.c4.f.4 - c3c4.c4.f.3 - c3c4.c4.f.2 - c3c4.c4.f.1 = c3c4.c4.e.19 - c3c4.c4.e.18 - c3c4.c4.e.17 - c3c4.c4.e.16 - c3c4.c4.e.15 - c3c4.c4.e.14 - c3c4.c4.e.13 - c3c4.c4.e.12 - c3c4.c4.e.11 - c3c4.c4.e.10 - c3c4.c4.e.9 - c3c4.c4.e.8 - c3c4.c4.e.7 - c3c4.c4.e.6 - c3c4.c4.e.5 - c3c4.c4.e.4 - c3c4.c4.e.3 - c3c4.c4.e.2 - c3c4.c4.e.1 = c3c4.c4.d.11 - c3c4.c4.d.10 - c3c4.c4.d.9 - c3c4.c4.d.8 - c3c4.c4.d.7 - c3c4.c4.d.6 - c3c4.c4.d.5 - c3c4.c4.d.4 - c3c4.c4.d.3 - c3c4.c4.d.2 - c3c4.c4.d.1 = c3c4.c4.c.14 - c3c4.c4.c.13 - c3c4.c4.c.11 - c3c4.c4.c.10 - c3c4.c4.c.9 - c3c4.c4.c.8 - c3c4.c4.c.7 - c3c4.c4.c.6 - c3c4.c4.c.5 - c3c4.c4.c.4 - c3c4.c4.c.3 - c3c4.c4.c.2 - c3c4.c4.c.1 = c3c4.c4.b.18 - c3c4.c4.b.17 - c3c4.c4.b.16 - c3c4.c4.b.15 - c3c4.c4.b.14 - c3c4.c4.b.13 - c3c4.c4.b.12 - c3c4.c4.b.11 - c3c4.c4.b.10 - c3c4.c4.b.9 - c3c4.c4.b.7 - c3c4.c4.b.6 - c3c4.c4.b.5 - c3c4.c4.b.4 - c3c4.c4.b.3 - c3c4.c4.b.2 - c3c4.c4.b.1 = c3c4.c4.a.19 - c3c4.c4.a.18 - c3c4.c4.a.17 - c3c4.c4.a.11 - c3c4.c4.a.10 - c3c4.c4.a.9 - c3c4.c4.a.8 - c3c4.c4.a.7 - c3c4.c4.a.6 - c3c4.c4.a.5 - c3c4.c4.a.4 - c3c4.c4.a.3 - c3c4.c4.a.2 - c3c4.c4.a.1 = c3c4.c4.r.25 - c3c4.c4.r.24 - c3c4.c4.r.19 - c3c4.c4.r.18 - c3c4.c4.r.17 - c3c4.c4.r.16 - c3c4.c4.r.15 - c3c4.c4.r.14 - c3c4.c4.r.11 - c3c4.c4.r.10 - c3c4.c4.r.9 - c3c4.c4.r.7 - c3c4.c4.r.6 - c3c4.c4.r.5 - c3c4.c4.r.4 - c3c4.c4.r.3 - c3c4.c4.r.2 = c3c4.c4.entrance - c3c4.c4gps
Original length2655.75m (367 legs), moved  68.96m ( 0.19m/leg). Error   2.60%
30.532852
H: 28.082445 V: 35.325094

c3c4.c3.94.vamos.19 - c3c4.c3.94.vamos.18 - c3c4.c3.94.vamos.17 - c3c4.c3.94.vamos.16 - c3c4.c3.94.vamos.15 - c3c4.c3.94.vamos.14 - c3c4.c3.94.vamos.13 - c3c4.c3.94.vamos.12 - c3c4.c3.94.vamos.11 - c3c4.c3.94.vamos.10 - c3c4.c3.94.vamos.9 - c3c4.c3.94.vamos.8
Original length  31.78m ( 11 legs), moved   1.15m ( 0.10m/leg). Error   3.62%
4.384074
H: 0.892701 V: 8.112790

c3c4.c3.94.vamos.19 - c3c4.c3.94.vamos.20 - c3c4.c3.94.vamos.8
Original length   6.93m (  2 legs), moved   0.18m ( 0.09m/leg). Error   2.64%
1.582844
H: 1.233248 V: 2.175288

ridge.ridge.start - ridge.ridge.a1 - ridge.ridge.a2 - ridge.ridge.a3 - ridge.ridge.a4 - ridge.ridge.a5 - ridge.ridge.a6 - ridge.ridge.a7 - ridge.ridge.a8 - ridge.ridge.a9 - ridge.ridge.a10 - ridge.ridge.a11 - ridge.ridge.a12 - ridge.ridge.a13 - ridge.ridge.a14 - ridge.ridge.a15 - ridge.ridge.a16 - ridge.ridge.a17 - ridge.ridge.a18 - ridge.ridge.a19 - ridge.ridge.a20 - ridge.ridge.a21 - ridge.ridge.a22 - ridge.ridge.a23 - ridge.ridge.a24 - ridge.ridge.a25 - ridge.ridge.a26 - ridge.ridge.a27 - ridge.ridge.a28 - ridge.ridge.a29 - ridge.ridge.b1 - ridge.ridge.b2 - ridge.ridge.b3 - ridge.ridge.b4 - ridge.ridge.b5 - ridge.ridge.b6 - ridge.ridge.b7 - ridge.ridge.b8 - ridge.ridge.b9 - ridge.ridge.b10 - ridge.ridge.b11 - ridge.ridge.b12 - ridge.ridge.b13 - ridge.ridge.b14 - ridge.ridge.b15 - ridge.ridge.b16 - ridge.ridge.b17 - ridge.ridge.b18 - ridge.ridge.b19 - ridge.ridge.b20 - ridge.ridge.b21 - ridge.ridge.b22 - ridge.ridge.b23 - ridge.ridge.b24 - ridge.ridge.b25 - ridge.ridge.b26 - ridge.ridge.b27 - ridge.ridge.b28 - ridge.ridge.b29 - ridge.ridge.c1 - ridge.ridge.c2 - ridge.ridge.c3 - ridge.ridge.c4 - ridge.ridge.c5 - ridge.ridge.c6 - ridge.ridge.c7 - ridge.ridge.c8 - ridge.ridge.c9 - ridge.ridge.c10 - ridge.ridge.c11 - ridge.ridge.c12 - ridge.ridge.c13 - ridge.ridge.c14 - ridge.ridge.c15 - ridge.ridge.c16 - ridge.ridge.c17 - ridge.ridge.d1 = ridge.conjurtao.ridged1 - ridge.conjurtao.l23 - ridge.conjurtao.l22 - ridge.conjurtao.l21 - ridge.conjurtao.l20 - ridge.conjurtao.l19 - ridge.conjurtao.l18 - ridge.conjurtao.l17 - ridge.conjurtao.l16 - ridge.conjurtao.l15 - ridge.conjurtao.l14 - ridge.conjurtao.l13 - ridge.conjurtao.l12 - ridge.conjurtao.l11 - ridge.conjurtao.l10 - ridge.conjurtao.l9 - ridge.conjurtao.l8 - ridge.conjurtao.l7 - ridge.conjurtao.l6 - ridge.conjurtao.l5 - ridge.conjurtao.l4 - ridge.conjurtao.l3 - ridge.conjurtao.l2 - ridge.conjurtao.l1 - ridge.conjurtao.k21 - ridge.conjurtao.k20 - ridge.conjurtao.k19 - ridge.conjurtao.k18 - ridge.conjurtao.k17 - ridge.conjurtao.k16 - ridge.conjurtao.k15 - ridge.conjurtao.k14 - ridge.conjurtao.k13 - ridge.conjurtao.k12 - ridge.conjurtao.k11 - ridge.conjurtao.k10 - ridge.conjurtao.k9 - ridge.conjurtao.k8 - ridge.conjurtao.k7 - ridge.conjurtao.k6 - ridge.conjurtao.k5 - ridge.conjurtao.k4 - ridge.conjurtao.k3 - ridge.conjurtao.k2 - ridge.conjurtao.k1 - ridge.conjurtao.entrance
Original length1132.74m (121 legs), moved   3.69m ( 0.03m/leg). Error   0.33%
2.397224
H: 2.664458 V: 0.671138

jorcada.perdices.5 - jorcada.perdices.4 - jorcada.perdices.3 - jorcada.perdices.2 - jorcada.perdices.1
Original length  19.02m (  4 legs), moved   0.28m ( 0.07m/leg). Error   1.46%
1.603158
H: 1.816960 V: 1.111957

jorcada.perdices.9 - jorcada.perdices.10 - jorcada.perdices.11 - jorcada.perdices.5
Original length  14.31m (  3 legs), moved   0.18m ( 0.06m/leg). Error   1.26%
1.076731
H: 1.014715 V: 1.186670

jorcada.perdices.9 - jorcada.perdices.8 - jorcada.perdices.7 - jorcada.perdices.6 - jorcada.perdices.5
Original length  17.03m (  4 legs), moved   0.25m ( 0.06m/leg). Error   1.44%
1.388785
H: 0.879362 V: 2.116838

jorcada.perdices.16 - jorcada.perdices.17 - jorcada.perdices.18 - jorcada.perdices.19 - jorcada.perdices.20 - jorcada.perdices.21 - jorcada.perdices.24 - jorcada.perdices.25 - jorcada.perdices.12
Original length  31.15m (  8 legs), moved   0.43m ( 0.05m/leg). Error   1.40%
1.866818
H: 1.725466 V: 2.150316

jorcada.perdices.16 - jorcada.perdices.15 - jorcada.perdices.14 - jorcada.perdices.13 - jorcada.perdices.12
Original length  13.92m (  4 legs), moved   0.37m ( 0.09m/leg). Error   2.65%
2.392346
H: 1.893229 V: 2.867618

jorcada.perdices.39 - jorcada.perdices.40 - jorcada.perdices.41 - jorcada.perdices.42 - jorcada.perdices.43 - jorcada.perdices.44 - jorcada.perdices.45 - jorcada.perdices.46 - jorcada.perdices.54 - jorcada.perdices.39
Original length  36.85m (  9 legs), moved   0.71m ( 0.08m/leg). Error   1.93%
2.863737
H: 1.715975 V: 4.235863

jorcada.perdices.39 - jorcada.perdices.38 - jorcada.perdices.37 - jorcada.perdices.36 - jorcada.perdices.35 - jorcada.perdices.32 - jorcada.perdices.31 - jorcada.perdices.30 - jorcada.perdices.29 - jorcada.perdices.28 - jorcada.perdices.27 - jorcada.perdices.26 - jorcada.perdices.16
Original length  44.49m ( 12 legs), moved   0.76m ( 0.06m/leg). Error   1.71%
2.679865
H: 3.059090 V: 1.666784

jorcada.perdices.107 - jorcada.perdices.106 - jorcada.perdices.105 - jorcada.perdices.104 - jorcada.perdices.103 - jorcada.perdices.102 - jorcada.perdices.101 - jorcada.perdices.100 - jorcada.perdices.99 - jorcada.perdices.98 - jorcada.perdices.97 - jorcada.perdices.96 - jorcada.perdices.93 - jorcada.perdices.92 - jorcada.perdices.91 - jorcada.perdices.90 - jorcada.perdices.89 - jorcada.perdices.88 - jorcada.perdices.87 - jorcada.perdices.86 - jorcada.perdices.85 - jorcada.perdices.84 - jorcada.perdices.83 - jorcada.perdices.82 - jorcada.perdices.81 - jorcada.perdices.80 - jorcada.perdices.79 - jorcada.perdices.78 - jorcada.perdices.77 - jorcada.perdices.76 - jorcada.perdices.75 - jorcada.perdices.72 - jorcada.perdices.71 - jorcada.perdices.70.5 - jorcada.perdices.70 - jorcada.perdices.69 - jorcada.perdices.68 - jorcada.perdices.58 - jorcada.perdices.57 - jorcada.perdices.56 - jorcada.perdices.55 - jorcada.perdices.39
Original length 413.88m ( 41 legs), moved  12.65m ( 0.31m/leg). Error   3.06%
12.143528
H: 12.909269 V: 4.845449

jorcada.perdices.113 - jorcada.perdices.114 - jorcada.perdices.107
Original length  12.98m (  2 legs), moved   2.85m ( 1.42m/leg). Error  21.93%
19.912794
H: 25.100651 V: 2.628558

jorcada.perdices.113 - jorcada.perdices.112 - jorcada.perdices.111 - jorcada.perdices.110 - jorcada.perdices.109 - jorcada.perdices.108 - jorcada.perdices.107
Original length  38.93m (  6 legs), moved  10.30m ( 1.72m/leg). Error  26.46%
40.752187
H: 50.991943 V: 0.333501

jorcada.jb.1 - jorcada.jb.2 - jorcada.jb.3 - jorcada.jb.4 - jorcada.jb.5 - jorcada.jb.6 - jorcada.jb.7 - jorcada.jb.8 - jorcada.jb.9 - jorcada.jb.10 - jorcada.jb.11 - jorcada.jb.12 - jorcada.jb.13 - jorcada.jb.14 - jorcada.jb.15 - jorcada.jb.16 - jorcada.jb.17 - jorcada.jb.18 - jorcada.jb.19 - jorcada.jb.20 - jorcada.jb.21 - jorcada.jb.22 - jorcada.jb.23 - jorcada.jb.24 - jorcada.jb.25 - jorcada.jb.26 - jorcada.jb.27 - jorcada.jb.28 - jorcada.jb.29 - jorcada.jb.30 - jorcada.jb.31 - jorcada.jb.32 - jorcada.jb.33 - jorcada.jb.34 - jorcada.jb.35 - jorcada.jb.36 - jorcada.jb.37 - jorcada.jb.38 - jorcada.jb.39 - jorcada.jb.40 - jorcada.jb.41 - jorcada.jb.42 - jorcada.jb.43 - jorcada.jb.44 - jorcada.jb.45 - jorcada.jb.46 - jorcada.jb.47 - jorcada.jb.48 - jorcada.jb.49 - jorcada.jb.50 - jorcada.jb.51 - jorcada.jb.52 - jorcada.jb.53 - jorcada.jb.54 - jorcada.jb.55 - jorcada.jb.56 - jorcada.jb.57 - jorcada.jb.58 - jorcada.jb.59 - jorcada.jb.60 - jorcada.jb.62 - jorcada.jb.63 - jorcada.jb.64 - jorcada.jb.65 - jorcada.jb.66 - jorcada.jb.67 - jorcada.jb.68 - jorcada.jb.69 - jorcada.jb.70 - jorcada.jb.71 - jorcada.jb.72 - jorcada.jb.73 - jorcada.jb.74 - jorcada.jb.75 - jorcada.jb.76 - jorcada.jb.77 - jorcada.jb.78 - jorcada.jb.79 - jorcada.jb.80 - jorcada.jb.81 - jorcada.jb.82 - jorcada.jb.83 - jorcada.jb.84 - jorcada.jb.85 - jorcada.jb.86 - jorcada.jb.87 - jorcada.jb.88 - jorcada.jb.89 - jorcada.jb.90 - jorcada.jb.91 - jorcada.jb.92 - jorcada.jb.100 - jorcada.jb.101 - jorcada.jb.102 - jorcada.jb.103 - jorcada.jb.105 - jorcada.jb.106 - jorcada.jb.107 - jorcada.jb.108 - jorcada.jb.109 - jorcada.jb.110 - jorcada.jb.perdices121 = jorcada.perdices.121 - jorcada.perdices.120 - jorcada.perdices.119 - jorcada.perdices.118 - jorcada.perdices.117 - jorcada.perdices.116 - jorcada.perdices.115 - jorcada.perdices.113
Original length 895.47m (108 legs), moved  20.56m ( 0.19m/leg). Error   2.30%
15.384274
H: 16.754521 V: 6.331211

cuerries.cuerries.1 - cuerries.cuerries.159 - cuerries.cuerries.160 - cuerries.cuerries.171 - cuerries.cuerries.170 - cuerries.cuerries.169 - cuerries.cuerries.168 - cuerries.cuerries.167 - cuerries.cuerries.1
Original length  79.80m (  8 legs), moved   1.91m ( 0.24m/leg). Error   2.40%
4.818289
H: 5.011080 V: 3.755487

cuerries.cuerries.1 - cuerries.cuerries.0a - cuerries.cuerries.0
Original length 194.00m (  2 legs), moved   0.00m ( 0.00m/leg). Error   0.00%
0.000000
H: 0.000000 V: 0.000000

culiembro.main.22 - culiembro.main.21 - culiembro.main.20 - culiembro.main.19 - culiembro.main.18 - culiembro.main.17 - culiembro.main.16 - culiembro.main.15 - culiembro.main.14 - culiembro.main.13 - culiembro.main.12 - culiembro.main.11 - culiembro.main.10 - culiembro.main.9 - culiembro.main.8 - culiembro.main.7 - culiembro.main.6 - culiembro.main.5 - culiembro.main.4 - culiembro.main.3 - culiembro.main.2 - culiembro.main.1 - culiembro.main.0
Original length 220.99m ( 22 legs), moved   0.00m ( 0.00m/leg). Error   0.00%
0.000000
H: 0.000000 V: 0.000000

culiembro.main.26 - culiembro.main.25 - culiembro.main.24 - culiembro.main.23 - culiembro.main.22
Original length  41.44m (  4 legs), moved   0.27m ( 0.07m/leg). Error   0.65%
0.918091
H: 1.137678 V: 0.366775

culiembro.main.28 - culiembro.main.29 - culiembro.main.30 - culiembro.main.31 - culiembro.main.32 - culiembro.main.33 - culiembro.main.34 - culiembro.main.35 - culiembro.main.36 - culiembro.main.37
Original length  70.14m (  9 legs), moved   0.95m ( 0.11m/leg). Error   1.36%
2.523794
H: 3.096269 V: 1.244051

culiembro.main.28 - culiembro.main.27 - culiembro.main.26
Original length  10.28m (  2 legs), moved   0.10m ( 0.05m/leg). Error   0.93%
0.677239
H: 0.743741 V: 0.562058

culiembro.postsifo.3 - culiembro.postsifo.2 - culiembro.postsifo.1 = culiembro.upsump.18 - culiembro.upsump.17 - culiembro.upsump.16 - culiembro.upsump.15 - culiembro.upsump.14 - culiembro.upsump.13 - culiembro.upsump.12 - culiembro.upsump.11 - culiembro.upsump.10 - culiembro.upsump.9 - culiembro.upsump.8 - culiembro.upsump.7 - culiembro.upsump.6 - culiembro.upsump.5 - culiembro.upsump.4 - culiembro.upsump.3 - culiembro.upsump.2 - culiembro.upsump.1 - culiembro.upsump.0 = culiembro.main.50 - culiembro.main.49 - culiembro.main.48 - culiembro.main.47 - culiembro.main.46 - culiembro.main.45 - culiembro.main.44 - culiembro.main.43 - culiembro.main.42 - culiembro.main.41 - culiembro.main.40 - culiembro.main.39 - culiembro.main.38 - culiembro.main.37
Original length 369.75m ( 33 legs), moved   0.00m ( 0.00m/leg). Error   0.00%
0.000000
H: 0.000000 V: 0.000000

culiembro.postsifo.5 - culiembro.postsifo.5a - culiembro.postsifo.3
Original length  31.00m (  2 legs), moved   0.66m ( 0.33m/leg). Error   2.14%
2.246963
H: 3.049412 V: 0.298640

culiembro.postsifo.13 - culiembro.postsifo.12 - culiembro.postsifo.11 - culiembro.postsifo.10 - culiembro.postsifo.9 - culiembro.postsifo.8 - culiembro.postsifo.7 - culiembro.postsifo.6 - culiembro.postsifo.5
Original length  69.43m (  8 legs), moved   0.76m ( 0.10m/leg). Error   1.10%
1.888329
H: 2.381008 V: 0.890183

culiembro.postsifo.14 - culiembro.postsifo.16 - culiembro.postsifo.13
Original length  33.00m (  2 legs), moved   1.53m ( 0.77m/leg). Error   4.65%
5.020902
H: 6.303379 V: 2.822438

culiembro.postsifo.24 - culiembro.postsifo.25 - culiembro.postsifo.25a - culiembro.postsifo.25b - culiembro.postsifo.25c - culiembro.postsifo.25d - culiembro.postsifo.25e - culiembro.postsifo.15 - culiembro.postsifo.14
Original length  95.77m (  8 legs), moved   1.78m ( 0.22m/leg). Error   1.86%
2.957986
H: 3.917659 V: 1.254753

culiembro.postsifo.24 - culiembro.postsifo.23 - culiembro.postsifo.4
Original length  49.00m (  2 legs), moved   1.04m ( 0.52m/leg). Error   2.12%
2.365193
H: 2.240183 V: 2.492345

culiembro.postsifo.5 - culiembro.postsifo.24b - culiembro.postsifo.24a - culiembro.postsifo.24
Original length  39.00m (  3 legs), moved   0.28m ( 0.09m/leg). Error   0.72%
0.923426
H: 0.892440 V: 0.960524

culiembro.blackhole.14 - culiembro.blackhole.15 - culiembro.blackhole.16 - culiembro.blackhole.17 - culiembro.blackhole.52 = culiembro.main.26
Original length  25.87m (  4 legs), moved   0.45m ( 0.11m/leg). Error   1.74%
2.158813
H: 2.575255 V: 1.021859

culiembro.blackhole.14 - culiembro.blackhole.13 - culiembro.blackhole.10 - culiembro.blackhole.9 - culiembro.blackhole.8 - culiembro.blackhole.7 - culiembro.blackhole.6 - culiembro.blackhole.5 - culiembro.blackhole.4 - culiembro.blackhole.3 - culiembro.blackhole.2 - culiembro.blackhole.1 - culiembro.blackhole.0 = culiembro.main.22
Original length 128.01m ( 12 legs), moved   0.86m ( 0.07m/leg). Error   0.68%
1.599619
H: 2.111152 V: 0.141334

culiembro.blackhole.28 - culiembro.blackhole.29 - culiembro.blackhole.30 - culiembro.blackhole.31 - culiembro.blackhole.32 - culiembro.blackhole.33 - culiembro.blackhole.34 - culiembro.blackhole.35 - culiembro.blackhole.41 - culiembro.blackhole.43 - culiembro.blackhole.44 - culiembro.blackhole.45 - culiembro.blackhole.46 - culiembro.blackhole.47 - culiembro.blackhole.48 - culiembro.blackhole.49 - culiembro.blackhole.50 - culiembro.blackhole.51 = culiembro.main.28
Original length 127.56m ( 17 legs), moved   1.38m ( 0.08m/leg). Error   1.08%
2.707636
H: 3.363739 V: 1.004259

culiembro.blackhole.28 - culiembro.blackhole.27 - culiembro.blackhole.26 - culiembro.blackhole.25 - culiembro.blackhole.24 - culiembro.blackhole.23 - culiembro.blackhole.21 - culiembro.blackhole.20 - culiembro.blackhole.19 - culiembro.blackhole.18 - culiembro.blackhole.53 = culiembro.main.37
Original length  92.89m ( 10 legs), moved   1.51m ( 0.15m/leg). Error   1.62%
3.237755
H: 4.114340 V: 0.163261

verdelluenga.3 - verdelluenga.2 - verdelluenga.1
Original length  60.00m (  2 legs), moved   0.00m ( 0.00m/leg). Error   0.00%
0.000000
H: 0.000000 V: 0.000000

jultayu.3 - jultayu.2 - jultayu.1
Original length  60.00m (  2 legs), moved   0.00m ( 0.00m/leg). Error   0.00%
0.000000
H: 0.000000 V: 0.000000

cuvicente.3 - cuvicente.2 - cuvicente.1
Original length  60.00m (  2 legs), moved   0.00m ( 0.00m/leg). Error   0.00%
0.000000
H: 0.000000 V: 0.000000

gustuteru.3 - gustuteru.2 - gustuteru.1
Original length  60.00m (  2 legs), moved   0.00m ( 0.00m/leg). Error   0.00%
0.000000
H: 0.000000 V: 0.000000

conjurtao.3 - conjurtao.2 - conjurtao.1
Original length  60.00m (  2 legs), moved   0.00m ( 0.00m/leg). Error   0.00%
0.000000
H: 0.000000 V: 0.000000

picojorcada.3 - picojorcada.2 - picojorcada.1
Original length  60.00m (  2 legs), moved   0.00m ( 0.00m/leg). Error   0.00%
0.000000
H: 0.000000 V: 0.000000

julagua.3 - julagua.2 - julagua.1
Original length  60.00m (  2 legs), moved   0.00m ( 0.00m/leg). Error   0.00%
0.000000
H: 0.000000 V: 0.000000

verde.3 - verde.2 - verde.1
Original length  60.00m (  2 legs), moved   0.00m ( 0.00m/leg). Error   0.00%
0.000000
H: 0.000000 V: 0.000000

rasa.3 - rasa.2 - rasa.1
Original length  60.00m (  2 legs), moved   0.00m ( 0.00m/leg). Error   0.00%
0.000000
H: 0.000000 V: 0.000000

traviesos.3 - traviesos.2 - traviesos.1
Original length  60.00m (  2 legs), moved   0.00m ( 0.00m/leg). Error   0.00%
0.000000
H: 0.000000 V: 0.000000

cabrones.3 - cabrones.2 - cabrones.1
Original length  60.00m (  2 legs), moved   0.00m ( 0.00m/leg). Error   0.00%
0.000000
H: 0.000000 V: 0.000000

