xitu.cistra.53 - xitu.cistra.54
Original length   9.80m (  1 legs), moved   0.63m ( 0.63m/leg). Error   6.38%
5.634776
H: 1.379799 V: 10.590698

xitu.s1.k135 - xitu.s1.k134 - xitu.s1.k133 - xitu.s1.k132 - xitu.s1.j129 - xitu.s1.j128 - xitu.s1.j127 - xitu.s1.j126 - xitu.s1.j125 - xitu.s1.j124 - xitu.s1.j123 - xitu.s1.j122 - xitu.s1.j121 - xitu.s1.j120 - xitu.s1.j119 - xitu.s1.j118 - xitu.s1.j117 - xitu.s1.j116 - xitu.s1.j115 - xitu.s1.j114 - xitu.s1.j113 - xitu.s1.j112 - xitu.s1.j111 - xitu.s1.j110 - xitu.s1.j109 - xitu.s1.j108 - xitu.s1.j107 - xitu.s1.j106 - xitu.s1.j105 - xitu.s1.j104 - xitu.s1.j103 - xitu.s1.j102 - xitu.s1.i60 - xitu.s1.i59 - xitu.s1.i58 - xitu.s1.i57 - xitu.s1.i56 - xitu.s1.i55 - xitu.s1.i54 - xitu.s1.i53 - xitu.s1.i52 - xitu.s1.i51 - xitu.s1.i50 - xitu.s1.i49 - xitu.s1.i48 - xitu.s1.i47 - xitu.s1.i46 - xitu.s1.i45 - xitu.s1.i44 - xitu.s1.i43 - xitu.s1.i42 - xitu.s1.i41 - xitu.s1.i40 - xitu.s1.i39 - xitu.s1.i38 - xitu.s1.i37 - xitu.s1.i36 - xitu.s1.i35 - xitu.s1.i34 - xitu.s1.i33 - xitu.s1.i32 - xitu.s1.i31 - xitu.s1.i30 - xitu.s1.i29 - xitu.s1.i28 - xitu.s1.i27 - xitu.s1.i26 - xitu.s1.i25 - xitu.s1.i24 - xitu.s1.i23 - xitu.s1.i22 - xitu.s1.i21 - xitu.s1.i20 - xitu.s1.i19 - xitu.s1.i18 - xitu.s1.i17 - xitu.s1.i16 - xitu.s1.i15 - xitu.s1.i14 - xitu.s1.i13 - xitu.s1.i12 - xitu.s1.i11 - xitu.s1.i10 - xitu.s1.i9 - xitu.s1.i8 - xitu.s1.i7 - xitu.s1.i6 - xitu.s1.i5 - xitu.s1.i4 - xitu.s1.i3 - xitu.s1.i2 - xitu.s1.h44 - xitu.s1.h43 - xitu.s1.h42 - xitu.s1.h41 - xitu.s1.h40 - xitu.s1.h39 - xitu.s1.h38 - xitu.s1.h37 - xitu.s1.h36 - xitu.s1.h35 - xitu.s1.h34 - xitu.s1.h33 - xitu.s1.h32 - xitu.s1.h31 - xitu.s1.h30 - xitu.s1.h29 - xitu.s1.h28 - xitu.s1.h27 - xitu.s1.h26 - xitu.s1.h25 - xitu.s1.h24 - xitu.s1.h23 - xitu.s1.h22 - xitu.s1.h21 - xitu.s1.h20 - xitu.s1.h19 - xitu.s1.h18 - xitu.s1.h17 - xitu.s1.h16 - xitu.s1.h15 - xitu.s1.h14 - xitu.s1.h13 - xitu.s1.h12 - xitu.s1.h11 - xitu.s1.h10 - xitu.s1.h9 - xitu.s1.h8 - xitu.s1.h7 - xitu.s1.h6 - xitu.s1.h5 - xitu.s1.h4 - xitu.s1.h3 - xitu.s1.h2 - xitu.s1.h1 - xitu.s1.g58 - xitu.s1.g57 - xitu.s1.g56 - xitu.s1.g55 - xitu.s1.g54 - xitu.s1.g53 - xitu.s1.g52 - xitu.s1.g51 - xitu.s1.g50 - xitu.s1.g49 - xitu.s1.g48 - xitu.s1.g47 - xitu.s1.g46 - xitu.s1.g45 - xitu.s1.g44 - xitu.s1.g43 - xitu.s1.g42 - xitu.s1.g41 - xitu.s1.g40 - xitu.s1.g39 - xitu.s1.g38 - xitu.s1.g37 - xitu.s1.g36 - xitu.s1.g35 - xitu.s1.g34 - xitu.s1.g33 - xitu.s1.g32 - xitu.s1.g31 - xitu.s1.g30 - xitu.s1.f27 - xitu.s1.f26 - xitu.s1.f25 - xitu.s1.f24 - xitu.s1.f23 - xitu.s1.f22 - xitu.s1.f21 - xitu.s1.f20 - xitu.s1.f19 - xitu.s1.f18 - xitu.s1.f17 - xitu.s1.f16 - xitu.s1.e9 - xitu.s1.e8 - xitu.s1.d6 - xitu.s1.d5 - xitu.s1.d4 - xitu.s1.d3 - xitu.s1.d2 - xitu.s1.c27 - xitu.s1.c26 - xitu.s1.c25 - xitu.s1.c24 - xitu.s1.c23 - xitu.s1.c22 - xitu.s1.c21 - xitu.s1.b12 - xitu.s1.b11 - xitu.s1.b10 - xitu.s1.b9 - xitu.s1.b8 - xitu.s1.b7 - xitu.s1.b6 - xitu.s1.b5 - xitu.s1.b4 - xitu.s1.b3 - xitu.s1.b2 - xitu.s1.b1 - xitu.s1.start
Original length1330.70m (202 legs), moved  29.16m ( 0.14m/leg). Error   2.19%
17.638156
H: 22.064861 V: 2.694461

xitu.cistra.41 - xitu.cistra.40 - xitu.cistra.39 - xitu.cistra.entrance
Original length  25.90m (  3 legs), moved   0.22m ( 0.07m/leg). Error   0.85%
1.157745
H: 1.358119 V: 0.237916

xitu.cistra.45 - xitu.cistra.207 - xitu.cistra.206 - xitu.cistra.205 - xitu.cistra.203 - xitu.cistra.204 - xitu.cistra.42 - xitu.cistra.41
Original length  26.15m (  7 legs), moved   3.35m ( 0.48m/leg). Error  12.83%
15.606338
H: 16.734085 V: 13.832319

xitu.cistra.45 - xitu.cistra.44 - xitu.cistra.43 - xitu.cistra.41
Original length  11.20m (  3 legs), moved   1.19m ( 0.40m/leg). Error  10.67%
8.604189
H: 10.136716 V: 5.942818

xitu.cistra.53 - xitu.cistra.52 - xitu.cistra.51 - xitu.cistra.50 - xitu.cistra.49 - xitu.cistra.48 - xitu.cistra.47 - xitu.cistra.46 - xitu.cistra.45
Original length  67.60m (  8 legs), moved   0.36m ( 0.04m/leg). Error   0.53%
1.014911
H: 1.051228 V: 0.857935

xitu.cistra.54 - xitu.cistra.55 - xitu.cistra.56 - xitu.cistra.57 - xitu.cistra.58 - xitu.cistra.59 - xitu.cistra.60 - xitu.cistra.61 - xitu.cistra.62 - xitu.cistra.63 - xitu.cistra.64 - xitu.cistra.65 - xitu.cistra.66 - xitu.cistra.67 - xitu.cistra.68 - xitu.cistra.69 - xitu.cistra.70 - xitu.cistra.71 - xitu.cistra.72 - xitu.cistra.73 - xitu.cistra.74 - xitu.cistra.75 - xitu.cistra.76 - xitu.cistra.77 - xitu.cistra.78 - xitu.cistra.79 - xitu.cistra.80 - xitu.cistra.81 - xitu.cistra.82 - xitu.cistra.83 - xitu.cistra.84 - xitu.cistra.85 - xitu.cistra.86 - xitu.cistra.87 - xitu.cistra.88 - xitu.cistra.89 - xitu.cistra.90 - xitu.cistra.91 - xitu.cistra.92 - xitu.cistra.93 - xitu.cistra.94 - xitu.cistra.95 - xitu.cistra.96 - xitu.cistra.97 - xitu.cistra.98 - xitu.cistra.99 - xitu.cistra.100 - xitu.cistra.101 - xitu.cistra.102 - xitu.cistra.103 - xitu.cistra.104 - xitu.cistra.105 - xitu.cistra.106 - xitu.cistra.107 - xitu.cistra.108 - xitu.cistra.109 - xitu.cistra.110 - xitu.cistra.111 - xitu.cistra.112 - xitu.cistra.113 - xitu.cistra.114 - xitu.cistra.115 - xitu.cistra.116 - xitu.cistra.117 - xitu.cistra.118 - xitu.cistra.119 - xitu.cistra.120 - xitu.cistra.121 - xitu.cistra.122 - xitu.cistra.123 - xitu.cistra.124 - xitu.cistra.125 - xitu.cistra.126 - xitu.cistra.127 - xitu.cistra.128 - xitu.cistra.129 - xitu.cistra.130 - xitu.cistra.131 - xitu.cistra.132 - xitu.cistra.133 - xitu.cistra.134 - xitu.cistra.135 - xitu.cistra.136 - xitu.cistra.137 - xitu.cistra.138 - xitu.cistra.139 - xitu.cistra.140 - xitu.cistra.141 - xitu.cistra.142 - xitu.cistra.143 - xitu.cistra.144 - xitu.cistra.145 - xitu.cistra.146 - xitu.cistra.147 - xitu.cistra.148 - xitu.cistra.149 - xitu.cistra.150 - xitu.cistra.151 - xitu.cistra.152 - xitu.cistra.153 - xitu.cistra.154 - xitu.cistra.155 - xitu.cistra.156 - xitu.cistra.157 - xitu.cistra.158 - xitu.cistra.159 - xitu.cistra.160 - xitu.cistra.161 - xitu.cistra.162 - xitu.cistra.163 - xitu.cistra.164 - xitu.cistra.165 - xitu.cistra.166 - xitu.cistra.167 - xitu.cistra.168 - xitu.cistra.169 - xitu.cistra.170 - xitu.cistra.171 - xitu.cistra.172 - xitu.cistra.173 - xitu.cistra.174 - xitu.cistra.175 - xitu.cistra.176 - xitu.cistra.177 - xitu.cistra.178 - xitu.cistra.179 - xitu.cistra.180 - xitu.cistra.181 - xitu.cistra.182 - xitu.cistra.183 - xitu.cistra.184 - xitu.cistra.185 - xitu.cistra.186 - xitu.cistra.187 - xitu.cistra.188 - xitu.cistra.189 - xitu.cistra.190 - xitu.cistra.191 - xitu.cistra.192 - xitu.cistra.193 - xitu.cistra.194 - xitu.cistra.222 - xitu.cistra.223 - xitu.cistra.224 - xitu.cistra.225 - xitu.cistra.226 - xitu.cistra.227 - xitu.cistra.228 - xitu.cistra.229 - xitu.cistra.230 - xitu.cistra.231 - xitu.cistra.232 - xitu.cistra.233 - xitu.cistra.234 - xitu.cistra.235 - xitu.cistra.236 - xitu.cistra.237 - xitu.cistra.238 - xitu.cistra.239 - xitu.cistra.240 - xitu.cistra.241 - xitu.cistra.242 - xitu.cistra.243 - xitu.cistra.244 - xitu.cistra.245 - xitu.cistra.246 - xitu.cistra.247 - xitu.cistra.248 - xitu.cistra.249 - xitu.cistra.250 - xitu.cistra.251 - xitu.cistra.252 - xitu.cistra.253 - xitu.cistra.254 - xitu.cistra.255 - xitu.cistra.256 - xitu.cistra.257 - xitu.cistra.258 - xitu.cistra.259 - xitu.cistra.260 - xitu.cistra.261 - xitu.cistra.262 - xitu.cistra.263 - xitu.cistra.264 - xitu.cistra.xituconnection = xitu.s1.o248 - xitu.s1.o247 - xitu.s1.o246 - xitu.s1.o245 - xitu.s1.o244 - xitu.s1.o243 - xitu.s1.o242 - xitu.s1.o241 - xitu.s1.o240 - xitu.s1.o239 - xitu.s1.o238 - xitu.s1.o237 - xitu.s1.o236 - xitu.s1.o235 - xitu.s1.o234 - xitu.s1.o233 - xitu.s1.o232 - xitu.s1.o231 - xitu.s1.o230 - xitu.s1.o229 - xitu.s1.o228 - xitu.s1.o227 - xitu.s1.o226 - xitu.s1.o225 - xitu.s1.o224 - xitu.s1.o223 - xitu.s1.o222 - xitu.s1.o221 - xitu.s1.o220 - xitu.s1.o219 - xitu.s1.o218 - xitu.s1.o217 - xitu.s1.o216 - xitu.s1.o215 - xitu.s1.o214 - xitu.s1.o213 - xitu.s1.o212 - xitu.s1.o211 - xitu.s1.o210 - xitu.s1.o209 - xitu.s1.o208 - xitu.s1.o207 - xitu.s1.o206 - xitu.s1.o205 - xitu.s1.o204 - xitu.s1.o203 - xitu.s1.o202 - xitu.s1.o201 - xitu.s1.o200 - xitu.s1.o199 - xitu.s1.o198 - xitu.s1.o197 - xitu.s1.o196 - xitu.s1.o195 - xitu.s1.o194 - xitu.s1.o193 - xitu.s1.o192 - xitu.s1.o191 - xitu.s1.o190 - xitu.s1.o189 - xitu.s1.o188 - xitu.s1.o187 - xitu.s1.o186 - xitu.s1.o185 - xitu.s1.o184 - xitu.s1.o183 - xitu.s1.o182 - xitu.s1.o181 - xitu.s1.o180 - xitu.s1.o179 - xitu.s1.o178 - xitu.s1.o177 - xitu.s1.o176 - xitu.s1.n174 - xitu.s1.n173 - xitu.s1.n172 - xitu.s1.m166 - xitu.s1.m165 - xitu.s1.m164 - xitu.s1.m163 - xitu.s1.m162 - xitu.s1.l160 - xitu.s1.l159 - xitu.s1.l158 - xitu.s1.l157 - xitu.s1.l156 - xitu.s1.l155 - xitu.s1.l154 - xitu.s1.l153 - xitu.s1.l152 - xitu.s1.l151 - xitu.s1.l150 - xitu.s1.l149 - xitu.s1.l148 - xitu.s1.l147 - xitu.s1.l146 - xitu.s1.l145 - xitu.s1.l144 - xitu.s1.l143 - xitu.s1.l142 - xitu.s1.k137 - xitu.s1.k136 - xitu.s1.k135
Original length2171.91m (286 legs), moved  31.88m ( 0.11m/leg). Error   1.47%
14.877124
H: 17.714815 V: 2.290272

xitu.cistra.54 - xitu.cistra.303 - xitu.cistra.302 - xitu.cistra.301 - xitu.cistra.330 - xitu.cistra.331 - xitu.cistra.332 - xitu.cistra.53
Original length  35.13m (  7 legs), moved   2.95m ( 0.42m/leg). Error   8.40%
11.909257
H: 0.327138 V: 22.838369

xitu.caracoles.ent.14 - xitu.caracoles.ent.a1 - xitu.caracoles.ent.a2 - xitu.caracoles.ent.a3 - xitu.caracoles.ent.a4 - xitu.caracoles.ent.a5 - xitu.caracoles.ent.a6 - xitu.caracoles.ent.a7 - xitu.caracoles.ent.a8 - xitu.caracoles.ent.a9 - xitu.caracoles.ent.a10 - xitu.caracoles.ent.a11 - xitu.caracoles.ent.a12 - xitu.caracoles.ent.b1a - xitu.caracoles.ent.b2 - xitu.caracoles.ent.b3 - xitu.caracoles.ent.b4 - xitu.caracoles.ent.b5 - xitu.caracoles.ent.b6 - xitu.caracoles.ent.b7 - xitu.caracoles.ent.b8 - xitu.caracoles.ent.b9 - xitu.caracoles.ent.b10 - xitu.caracoles.ent.b11 - xitu.caracoles.ent.b12 - xitu.caracoles.ent.b13 - xitu.caracoles.ent.b14 - xitu.caracoles.ent.b15 - xitu.caracoles.ent.b16 - xitu.caracoles.ent.b17 - xitu.caracoles.ent.b18 - xitu.caracoles.ent.b19 - xitu.caracoles.ent.b20 - xitu.caracoles.ent.b21 - xitu.caracoles.ent.b22 - xitu.caracoles.ent.b23 - xitu.caracoles.ent.c2 - xitu.caracoles.ent.c3 - xitu.caracoles.ent.c4 - xitu.caracoles.ent.c5 - xitu.caracoles.ent.c6 - xitu.caracoles.ent.c7 - xitu.caracoles.ent.c8 - xitu.caracoles.ent.c9 - xitu.caracoles.ent.c10 - xitu.caracoles.ent.c11 - xitu.caracoles.ent.c12 - xitu.caracoles.ent.c13 - xitu.caracoles.ent.c14 - xitu.caracoles.ent.c15 = xitu.caracoles.wingnut.c15 - xitu.caracoles.wingnut.b2 - xitu.caracoles.wingnut.b3 - xitu.caracoles.wingnut.b4 - xitu.caracoles.wingnut.b5 - xitu.caracoles.wingnut.b6 - xitu.caracoles.wingnut.b7 - xitu.caracoles.wingnut.b8 - xitu.caracoles.wingnut.b9 - xitu.caracoles.wingnut.b10 - xitu.caracoles.wingnut.b11 - xitu.caracoles.wingnut.b12 - xitu.caracoles.wingnut.b13 - xitu.caracoles.wingnut.b14 - xitu.caracoles.wingnut.b15 - xitu.caracoles.wingnut.b16 - xitu.caracoles.wingnut.b17 - xitu.caracoles.wingnut.b18 - xitu.caracoles.wingnut.b19 - xitu.caracoles.wingnut.b20 - xitu.caracoles.wingnut.b21 - xitu.caracoles.wingnut.b22 - xitu.caracoles.wingnut.b23 - xitu.caracoles.wingnut.b24 - xitu.caracoles.wingnut.b25 - xitu.caracoles.wingnut.b26 - xitu.caracoles.wingnut.b27 - xitu.caracoles.wingnut.b28 - xitu.caracoles.wingnut.b29 - xitu.caracoles.wingnut.xitu.k135 = xitu.s1.k135
Original length 400.21m ( 78 legs), moved  15.23m ( 0.20m/leg). Error   3.80%
16.856345
H: 19.732876 V: 0.249278

tormenta.area4.b.1 - tormenta.ent.a.50 - tormenta.ent.a.49 - tormenta.ent.a.48 - tormenta.ent.a.47 - tormenta.ent.a.46 - tormenta.ent.a.45 - tormenta.ent.a.44 - tormenta.ent.a.43 - tormenta.ent.a.42 - tormenta.ent.a.41 - tormenta.ent.a.40 - tormenta.ent.a.39 - tormenta.ent.a.38 - tormenta.ent.a.37 - tormenta.ent.a.36 - tormenta.ent.a.35 - tormenta.ent.a.34 - tormenta.ent.a.33 - tormenta.ent.a.32 - tormenta.ent.a.31 - tormenta.ent.a.30 - tormenta.ent.a.29 - tormenta.ent.a.28 - tormenta.ent.a.27 - tormenta.ent.a.26 - tormenta.ent.a.25 - tormenta.ent.a.24 - tormenta.ent.a.23 - tormenta.ent.a.22 - tormenta.ent.a.21 - tormenta.ent.a.20 - tormenta.ent.a.19 - tormenta.ent.a.18 - tormenta.ent.a.17 - tormenta.ent.a.16 - tormenta.ent.a.15 - tormenta.ent.a.14 - tormenta.ent.a.13 - tormenta.ent.a.12 - tormenta.ent.a.11 - tormenta.ent.a.10 - tormenta.ent.a.9 - tormenta.ent.a.8 - tormenta.ent.a.7 - tormenta.ent.a.6 - tormenta.ent.a.5 - tormenta.ent.a.4 - tormenta.ent.a.3 - tormenta.ent.a.2 - tormenta.ent.a.1 = tormenta.ent.ent.12 - tormenta.ent.ent.11 - tormenta.ent.ent.10 - tormenta.ent.ent.9 - tormenta.ent.ent.8 - tormenta.ent.ent.7 - tormenta.ent.ent.6 - tormenta.ent.ent.5 - tormenta.ent.ent.4 - tormenta.ent.ent.3 - tormenta.ent.ent.2 - tormenta.ent.ent.1 - tormenta.ent.ent.0
Original length 393.33m ( 62 legs), moved   0.00m ( 0.00m/leg). Error   0.00%
0.000000
H: 0.000000 V: 0.000000

tormenta.area4.g.2 - tormenta.area4.g.3 - tormenta.area4.g.4 - tormenta.area4.g.6 - tormenta.area4.g.13 - tormenta.area4.g.15 - tormenta.area4.g.2
Original length  98.83m (  6 legs), moved   5.07m ( 0.85m/leg). Error   5.13%
9.473734
H: 12.563105 V: 2.845709

tormenta.area4.g.2 - tormenta.area4.g.1 = tormenta.area4.b.1
Original length   9.75m (  1 legs), moved   0.00m ( 0.00m/leg). Error   0.00%
0.000000
H: 0.000000 V: 0.000000

tormenta.area4.m.pss1 - tormenta.area4.m.1 - tormenta.area4.m.2 - tormenta.area4.m.4 - tormenta.area4.m.5 - tormenta.area4.m.6 - tormenta.area4.m.7 - tormenta.area4.m.12 - tormenta.area4.m.13 - tormenta.area4.m.14 - tormenta.area4.m.15 - tormenta.area4.m.16 - tormenta.area4.m.pss1
Original length 194.91m ( 12 legs), moved   2.62m ( 0.22m/leg). Error   1.34%
3.397218
H: 4.018171 V: 2.405455

