sump1.4 - sump1.5
Original length  10.00m (  1 shots), moved   0.27m ( 0.27m/shot). Error   2.68%
1.886097
H: 2.396629 V: 0.706468

blackhole.28 - blackhole.14
Original length   4.82m (  1 shots), moved   0.04m ( 0.04m/shot). Error   0.81%
0.426560
H: 0.481040 V: 0.272732

sump1.3 - sump1.4
Original length  20.00m (  1 shots), moved   0.22m ( 0.22m/shot). Error   1.11%
0.865797
H: 1.116580 V: 0.446662

main.22 - main.21 - main.20 - main.19 - main.18 - main.17 - main.16 - main.15 - main.14 - main.13 - main.12 - main.11 - main.10 - main.9 - main.8 - main.7 - main.6 - main.5 - main.4 - main.3 - main.2 - main.1 - main.0
Original length 220.99m ( 22 shots), moved   0.00m ( 0.00m/shot). Error   0.00%
0.000000
H: 0.000000 V: 0.000000

main.26 - main.25 - main.24 - main.23 - main.22
Original length  41.44m (  4 shots), moved   0.27m ( 0.07m/shot). Error   0.65%
0.918091
H: 1.137678 V: 0.366775

main.28 - main.29 - main.30 - main.31 - main.32 - main.33 - main.34 - main.35 - main.36 - main.37
Original length  70.14m (  9 shots), moved   0.95m ( 0.11m/shot). Error   1.36%
2.523794
H: 3.096269 V: 1.244051

main.28 - main.27 - main.26
Original length  10.28m (  2 shots), moved   0.10m ( 0.05m/shot). Error   0.93%
0.677239
H: 0.743741 V: 0.562058

blackhole.14 - blackhole.15 - blackhole.16 - blackhole.17 - blackhole.52 = main.26
Original length  25.87m (  4 shots), moved   0.45m ( 0.11m/shot). Error   1.74%
2.158813
H: 2.575255 V: 1.021859

blackhole.14 - blackhole.13 - blackhole.10 - blackhole.9 - blackhole.8 - blackhole.7 - blackhole.6 - blackhole.5 - blackhole.4 - blackhole.3 - blackhole.2 - blackhole.1 - blackhole.0 = main.22
Original length 128.01m ( 12 shots), moved   0.86m ( 0.07m/shot). Error   0.68%
1.599619
H: 2.111152 V: 0.141334

blackhole.28 - blackhole.29 - blackhole.30 - blackhole.31 - blackhole.32 - blackhole.33 - blackhole.34 - blackhole.35 - blackhole.41 - blackhole.43 - blackhole.44 - blackhole.45 - blackhole.46 - blackhole.47 - blackhole.48 - blackhole.49 - blackhole.50 - blackhole.51 = main.28
Original length 127.56m ( 17 shots), moved   1.38m ( 0.08m/shot). Error   1.08%
2.707636
H: 3.363739 V: 1.004259

blackhole.28 - blackhole.27 - blackhole.26 - blackhole.25 - blackhole.24 - blackhole.23 - blackhole.21 - blackhole.20 - blackhole.19 - blackhole.18 - blackhole.53 = main.37
Original length  92.89m ( 10 shots), moved   1.51m ( 0.15m/shot). Error   1.62%
3.237755
H: 4.114340 V: 0.163261

sump1.5 - sump1.5a - sump1.3
Original length  31.00m (  2 shots), moved   0.65m ( 0.32m/shot). Error   2.09%
2.193110
H: 2.973543 V: 0.322938

sump1.5 - sump1.24b - sump1.24a - sump1.24 - sump1.23 - sump1.4
Original length  88.00m (  5 shots), moved   1.22m ( 0.24m/shot). Error   1.38%
2.277067
H: 1.912104 V: 2.627761

2009_10.526 - 2009_10.525 - 2009_10.524 - 2009_10.528 - 2009_10.527 - 2009_10.526
Original length  34.72m (  5 shots), moved   0.13m ( 0.03m/shot). Error   0.38%
0.532276
H: 0.532822 V: 0.531320

